{"/Users/michaeloneal/open-calendar/src/booking-widget/booking-widget.tsx": {"path":"/Users/michaeloneal/open-calendar/src/booking-widget/booking-widget.tsx","statementMap":{"0":{"start":{"line":4,"column":2},"end":{"line":4,"column":null}},"1":{"start":{"line":8,"column":12},"end":{"line":8,"column":null}},"2":{"start":{"line":9,"column":12},"end":{"line":9,"column":null}},"3":{"start":{"line":10,"column":12},"end":{"line":10,"column":null}},"4":{"start":{"line":11,"column":15},"end":{"line":11,"column":null}},"5":{"start":{"line":12,"column":13},"end":{"line":12,"column":null}},"6":{"start":{"line":13,"column":2},"end":{"line":13,"column":null}},"7":{"start":{"line":17,"column":16},"end":{"line":17,"column":null}},"8":{"start":{"line":18,"column":16},"end":{"line":18,"column":null}},"9":{"start":{"line":19,"column":35},"end":{"line":19,"column":null}},"10":{"start":{"line":20,"column":2},"end":{"line":20,"column":null}},"11":{"start":{"line":20,"column":15},"end":{"line":20,"column":18}},"12":{"start":{"line":20,"column":35},"end":{"line":20,"column":null}},"13":{"start":{"line":21,"column":2},"end":{"line":21,"column":null}},"14":{"start":{"line":24,"column":15},"end":{"line":24,"column":null}},"15":{"start":{"line":32,"column":16},"end":{"line":32,"column":null}},"16":{"start":{"line":33,"column":22},"end":{"line":33,"column":null}},"17":{"start":{"line":34,"column":24},"end":{"line":34,"column":null}},"18":{"start":{"line":35,"column":38},"end":{"line":35,"column":null}},"19":{"start":{"line":36,"column":24},"end":{"line":36,"column":null}},"20":{"start":{"line":37,"column":28},"end":{"line":37,"column":null}},"21":{"start":{"line":38,"column":38},"end":{"line":38,"column":null}},"22":{"start":{"line":39,"column":22},"end":{"line":39,"column":null}},"23":{"start":{"line":40,"column":24},"end":{"line":40,"column":null}},"24":{"start":{"line":41,"column":24},"end":{"line":41,"column":null}},"25":{"start":{"line":42,"column":26},"end":{"line":42,"column":null}},"26":{"start":{"line":43,"column":40},"end":{"line":43,"column":null}},"27":{"start":{"line":44,"column":24},"end":{"line":44,"column":null}},"28":{"start":{"line":46,"column":15},"end":{"line":46,"column":null}},"29":{"start":{"line":48,"column":8},"end":{"line":60,"column":null}},"30":{"start":{"line":49,"column":4},"end":{"line":49,"column":null}},"31":{"start":{"line":50,"column":4},"end":{"line":50,"column":null}},"32":{"start":{"line":51,"column":4},"end":{"line":51,"column":null}},"33":{"start":{"line":52,"column":4},"end":{"line":58,"column":null}},"34":{"start":{"line":53,"column":18},"end":{"line":53,"column":null}},"35":{"start":{"line":54,"column":19},"end":{"line":54,"column":null}},"36":{"start":{"line":55,"column":6},"end":{"line":55,"column":null}},"37":{"start":{"line":57,"column":6},"end":{"line":57,"column":null}},"38":{"start":{"line":59,"column":4},"end":{"line":59,"column":null}},"39":{"start":{"line":62,"column":2},"end":{"line":64,"column":null}},"40":{"start":{"line":63,"column":4},"end":{"line":63,"column":null}},"41":{"start":{"line":63,"column":22},"end":{"line":63,"column":null}},"42":{"start":{"line":66,"column":15},"end":{"line":85,"column":null}},"43":{"start":{"line":67,"column":4},"end":{"line":67,"column":null}},"44":{"start":{"line":67,"column":42},"end":{"line":67,"column":null}},"45":{"start":{"line":68,"column":4},"end":{"line":68,"column":null}},"46":{"start":{"line":69,"column":4},"end":{"line":84,"column":null}},"47":{"start":{"line":70,"column":18},"end":{"line":74,"column":null}},"48":{"start":{"line":75,"column":19},"end":{"line":75,"column":null}},"49":{"start":{"line":76,"column":6},"end":{"line":81,"column":null}},"50":{"start":{"line":77,"column":8},"end":{"line":77,"column":null}},"51":{"start":{"line":78,"column":8},"end":{"line":78,"column":null}},"52":{"start":{"line":80,"column":8},"end":{"line":80,"column":null}},"53":{"start":{"line":83,"column":6},"end":{"line":83,"column":null}},"54":{"start":{"line":87,"column":2},"end":{"line":109,"column":null}},"55":{"start":{"line":88,"column":4},"end":{"line":107,"column":null}},"56":{"start":{"line":111,"column":2},"end":{"line":205,"column":null}},"57":{"start":{"line":116,"column":27},"end":{"line":116,"column":110}},"58":{"start":{"line":116,"column":46},"end":{"line":116,"column":67}},"59":{"start":{"line":116,"column":59},"end":{"line":116,"column":64}},"60":{"start":{"line":116,"column":67},"end":{"line":116,"column":81}},"61":{"start":{"line":116,"column":88},"end":{"line":116,"column":110}},"62":{"start":{"line":116,"column":102},"end":{"line":116,"column":107}},"63":{"start":{"line":121,"column":27},"end":{"line":121,"column":110}},"64":{"start":{"line":121,"column":47},"end":{"line":121,"column":68}},"65":{"start":{"line":121,"column":60},"end":{"line":121,"column":65}},"66":{"start":{"line":121,"column":68},"end":{"line":121,"column":81}},"67":{"start":{"line":121,"column":88},"end":{"line":121,"column":110}},"68":{"start":{"line":121,"column":102},"end":{"line":121,"column":107}},"69":{"start":{"line":132,"column":10},"end":{"line":132,"column":null}},"70":{"start":{"line":135,"column":26},"end":{"line":135,"column":null}},"71":{"start":{"line":136,"column":26},"end":{"line":136,"column":null}},"72":{"start":{"line":137,"column":25},"end":{"line":137,"column":null}},"73":{"start":{"line":138,"column":24},"end":{"line":138,"column":null}},"74":{"start":{"line":139,"column":10},"end":{"line":150,"column":null}},"75":{"start":{"line":142,"column":31},"end":{"line":142,"column":79}},"76":{"start":{"line":142,"column":51},"end":{"line":142,"column":77}},"77":{"start":{"line":168,"column":16},"end":{"line":177,"column":null}},"78":{"start":{"line":170,"column":33},"end":{"line":170,"column":null}},"79":{"start":{"line":193,"column":69},"end":{"line":193,"column":null}},"80":{"start":{"line":195,"column":84},"end":{"line":195,"column":null}},"81":{"start":{"line":197,"column":80},"end":{"line":197,"column":106}},"82":{"start":{"line":209,"column":40},"end":{"line":213,"column":null}}},"fnMap":{"0":{"name":"formatDate","decl":{"start":{"line":3,"column":9},"end":{"line":3,"column":20}},"loc":{"start":{"line":3,"column":37},"end":{"line":5,"column":null}},"line":3},"1":{"name":"formatTime","decl":{"start":{"line":7,"column":9},"end":{"line":7,"column":20}},"loc":{"start":{"line":7,"column":40},"end":{"line":14,"column":null}},"line":7},"2":{"name":"monthDays","decl":{"start":{"line":16,"column":9},"end":{"line":16,"column":19}},"loc":{"start":{"line":16,"column":67},"end":{"line":22,"column":null}},"line":16},"3":{"name":"BookingWidget","decl":{"start":{"line":31,"column":16},"end":{"line":31,"column":30}},"loc":{"start":{"line":31,"column":62},"end":{"line":207,"column":null}},"line":31},"4":{"name":"(anonymous_4)","decl":{"start":{"line":48,"column":33},"end":{"line":48,"column":40}},"loc":{"start":{"line":48,"column":57},"end":{"line":60,"column":5}},"line":48},"5":{"name":"(anonymous_5)","decl":{"start":{"line":62,"column":12},"end":{"line":62,"column":18}},"loc":{"start":{"line":62,"column":18},"end":{"line":64,"column":5}},"line":62},"6":{"name":"(anonymous_6)","decl":{"start":{"line":66,"column":15},"end":{"line":66,"column":27}},"loc":{"start":{"line":66,"column":27},"end":{"line":85,"column":null}},"line":66},"7":{"name":"(anonymous_7)","decl":{"start":{"line":116,"column":19},"end":{"line":116,"column":25}},"loc":{"start":{"line":116,"column":25},"end":{"line":116,"column":null}},"line":116},"8":{"name":"(anonymous_8)","decl":{"start":{"line":116,"column":54},"end":{"line":116,"column":59}},"loc":{"start":{"line":116,"column":59},"end":{"line":116,"column":64}},"line":116},"9":{"name":"(anonymous_9)","decl":{"start":{"line":116,"column":97},"end":{"line":116,"column":102}},"loc":{"start":{"line":116,"column":102},"end":{"line":116,"column":107}},"line":116},"10":{"name":"(anonymous_10)","decl":{"start":{"line":121,"column":19},"end":{"line":121,"column":25}},"loc":{"start":{"line":121,"column":25},"end":{"line":121,"column":null}},"line":121},"11":{"name":"(anonymous_11)","decl":{"start":{"line":121,"column":55},"end":{"line":121,"column":60}},"loc":{"start":{"line":121,"column":60},"end":{"line":121,"column":65}},"line":121},"12":{"name":"(anonymous_12)","decl":{"start":{"line":121,"column":97},"end":{"line":121,"column":102}},"loc":{"start":{"line":121,"column":102},"end":{"line":121,"column":107}},"line":121},"13":{"name":"(anonymous_13)","decl":{"start":{"line":131,"column":56},"end":{"line":131,"column":null}},"loc":{"start":{"line":132,"column":10},"end":{"line":132,"column":null}},"line":132},"14":{"name":"(anonymous_14)","decl":{"start":{"line":134,"column":18},"end":{"line":134,"column":19}},"loc":{"start":{"line":134,"column":28},"end":{"line":152,"column":9}},"line":134},"15":{"name":"(anonymous_15)","decl":{"start":{"line":142,"column":23},"end":{"line":142,"column":29}},"loc":{"start":{"line":142,"column":29},"end":{"line":142,"column":null}},"line":142},"16":{"name":"(anonymous_16)","decl":{"start":{"line":167,"column":25},"end":{"line":167,"column":26}},"loc":{"start":{"line":168,"column":16},"end":{"line":177,"column":null}},"line":168},"17":{"name":"(anonymous_17)","decl":{"start":{"line":170,"column":27},"end":{"line":170,"column":33}},"loc":{"start":{"line":170,"column":33},"end":{"line":170,"column":null}},"line":170},"18":{"name":"(anonymous_18)","decl":{"start":{"line":193,"column":64},"end":{"line":193,"column":69}},"loc":{"start":{"line":193,"column":69},"end":{"line":193,"column":null}},"line":193},"19":{"name":"(anonymous_19)","decl":{"start":{"line":195,"column":79},"end":{"line":195,"column":84}},"loc":{"start":{"line":195,"column":84},"end":{"line":195,"column":null}},"line":195},"20":{"name":"(anonymous_20)","decl":{"start":{"line":197,"column":75},"end":{"line":197,"column":80}},"loc":{"start":{"line":197,"column":80},"end":{"line":197,"column":106}},"line":197}},"branchMap":{"0":{"loc":{"start":{"line":11,"column":15},"end":{"line":11,"column":null}},"type":"cond-expr","locations":[{"start":{"line":11,"column":25},"end":{"line":11,"column":31}},{"start":{"line":11,"column":31},"end":{"line":11,"column":null}}],"line":11},"1":{"loc":{"start":{"line":12,"column":13},"end":{"line":12,"column":null}},"type":"cond-expr","locations":[{"start":{"line":12,"column":23},"end":{"line":12,"column":28}},{"start":{"line":12,"column":28},"end":{"line":12,"column":null}}],"line":12},"2":{"loc":{"start":{"line":12,"column":28},"end":{"line":12,"column":null}},"type":"cond-expr","locations":[{"start":{"line":12,"column":37},"end":{"line":12,"column":46}},{"start":{"line":12,"column":46},"end":{"line":12,"column":null}}],"line":12},"3":{"loc":{"start":{"line":55,"column":15},"end":{"line":55,"column":31}},"type":"binary-expr","locations":[{"start":{"line":55,"column":15},"end":{"line":55,"column":29}},{"start":{"line":55,"column":29},"end":{"line":55,"column":31}}],"line":55},"4":{"loc":{"start":{"line":63,"column":4},"end":{"line":63,"column":null}},"type":"if","locations":[{"start":{"line":63,"column":4},"end":{"line":63,"column":null}},{"start":{},"end":{}}],"line":63},"5":{"loc":{"start":{"line":67,"column":4},"end":{"line":67,"column":null}},"type":"if","locations":[{"start":{"line":67,"column":4},"end":{"line":67,"column":null}},{"start":{},"end":{}}],"line":67},"6":{"loc":{"start":{"line":67,"column":8},"end":{"line":67,"column":42}},"type":"binary-expr","locations":[{"start":{"line":67,"column":8},"end":{"line":67,"column":25}},{"start":{"line":67,"column":25},"end":{"line":67,"column":34}},{"start":{"line":67,"column":34},"end":{"line":67,"column":42}}],"line":67},"7":{"loc":{"start":{"line":76,"column":6},"end":{"line":81,"column":null}},"type":"if","locations":[{"start":{"line":76,"column":6},"end":{"line":81,"column":null}},{"start":{"line":79,"column":13},"end":{"line":81,"column":null}}],"line":76},"8":{"loc":{"start":{"line":80,"column":17},"end":{"line":80,"column":47}},"type":"binary-expr","locations":[{"start":{"line":80,"column":17},"end":{"line":80,"column":31}},{"start":{"line":80,"column":31},"end":{"line":80,"column":47}}],"line":80},"9":{"loc":{"start":{"line":87,"column":2},"end":{"line":109,"column":null}},"type":"if","locations":[{"start":{"line":87,"column":2},"end":{"line":109,"column":null}},{"start":{},"end":{}}],"line":87},"10":{"loc":{"start":{"line":87,"column":6},"end":{"line":87,"column":31}},"type":"binary-expr","locations":[{"start":{"line":87,"column":6},"end":{"line":87,"column":16}},{"start":{"line":87,"column":16},"end":{"line":87,"column":31}}],"line":87},"11":{"loc":{"start":{"line":116,"column":27},"end":{"line":116,"column":110}},"type":"if","locations":[{"start":{"line":116,"column":27},"end":{"line":116,"column":110}},{"start":{"line":116,"column":88},"end":{"line":116,"column":110}}],"line":116},"12":{"loc":{"start":{"line":121,"column":27},"end":{"line":121,"column":110}},"type":"if","locations":[{"start":{"line":121,"column":27},"end":{"line":121,"column":110}},{"start":{"line":121,"column":88},"end":{"line":121,"column":110}}],"line":121},"13":{"loc":{"start":{"line":135,"column":26},"end":{"line":135,"column":null}},"type":"cond-expr","locations":[{"start":{"line":135,"column":30},"end":{"line":135,"column":110}},{"start":{"line":135,"column":110},"end":{"line":135,"column":null}}],"line":135},"14":{"loc":{"start":{"line":136,"column":26},"end":{"line":136,"column":null}},"type":"binary-expr","locations":[{"start":{"line":136,"column":26},"end":{"line":136,"column":51}},{"start":{"line":136,"column":51},"end":{"line":136,"column":81}},{"start":{"line":136,"column":81},"end":{"line":136,"column":null}}],"line":136},"15":{"loc":{"start":{"line":137,"column":25},"end":{"line":137,"column":null}},"type":"cond-expr","locations":[{"start":{"line":137,"column":25},"end":{"line":137,"column":86}},{"start":{"line":137,"column":86},"end":{"line":137,"column":null}}],"line":137},"16":{"loc":{"start":{"line":142,"column":31},"end":{"line":142,"column":79}},"type":"if","locations":[{"start":{"line":142,"column":31},"end":{"line":142,"column":79}},{"start":{},"end":{}}],"line":142},"17":{"loc":{"start":{"line":142,"column":35},"end":{"line":142,"column":49}},"type":"binary-expr","locations":[{"start":{"line":142,"column":35},"end":{"line":142,"column":40}},{"start":{"line":142,"column":40},"end":{"line":142,"column":49}}],"line":142},"18":{"loc":{"start":{"line":144,"column":70},"end":{"line":144,"column":null}},"type":"cond-expr","locations":[{"start":{"line":144,"column":85},"end":{"line":144,"column":97}},{"start":{"line":144,"column":97},"end":{"line":144,"column":null}}],"line":144},"19":{"loc":{"start":{"line":144,"column":70},"end":{"line":144,"column":85}},"type":"binary-expr","locations":[{"start":{"line":144,"column":70},"end":{"line":144,"column":75}},{"start":{"line":144,"column":75},"end":{"line":144,"column":85}}],"line":144},"20":{"loc":{"start":{"line":145,"column":28},"end":{"line":145,"column":null}},"type":"cond-expr","locations":[{"start":{"line":145,"column":36},"end":{"line":145,"column":42}},{"start":{"line":145,"column":42},"end":{"line":145,"column":null}}],"line":145},"21":{"loc":{"start":{"line":145,"column":42},"end":{"line":145,"column":null}},"type":"cond-expr","locations":[{"start":{"line":145,"column":52},"end":{"line":145,"column":58}},{"start":{"line":145,"column":58},"end":{"line":145,"column":null}}],"line":145},"22":{"loc":{"start":{"line":146,"column":28},"end":{"line":146,"column":null}},"type":"cond-expr","locations":[{"start":{"line":146,"column":36},"end":{"line":146,"column":59}},{"start":{"line":146,"column":59},"end":{"line":146,"column":null}}],"line":146},"23":{"loc":{"start":{"line":146,"column":59},"end":{"line":146,"column":null}},"type":"cond-expr","locations":[{"start":{"line":146,"column":69},"end":{"line":146,"column":95}},{"start":{"line":146,"column":95},"end":{"line":146,"column":null}}],"line":146},"24":{"loc":{"start":{"line":147,"column":23},"end":{"line":147,"column":null}},"type":"cond-expr","locations":[{"start":{"line":147,"column":31},"end":{"line":147,"column":40}},{"start":{"line":147,"column":40},"end":{"line":147,"column":null}}],"line":147},"25":{"loc":{"start":{"line":147,"column":40},"end":{"line":147,"column":null}},"type":"cond-expr","locations":[{"start":{"line":147,"column":49},"end":{"line":147,"column":75}},{"start":{"line":147,"column":75},"end":{"line":147,"column":null}}],"line":147},"26":{"loc":{"start":{"line":148,"column":25},"end":{"line":148,"column":null}},"type":"cond-expr","locations":[{"start":{"line":148,"column":34},"end":{"line":148,"column":40}},{"start":{"line":148,"column":40},"end":{"line":148,"column":null}}],"line":148},"27":{"loc":{"start":{"line":150,"column":14},"end":{"line":150,"column":22}},"type":"binary-expr","locations":[{"start":{"line":150,"column":14},"end":{"line":150,"column":19}},{"start":{"line":150,"column":19},"end":{"line":150,"column":22}}],"line":150},"28":{"loc":{"start":{"line":156,"column":7},"end":{"line":181,"column":null}},"type":"binary-expr","locations":[{"start":{"line":156,"column":7},"end":{"line":156,"column":null}},{"start":{"line":157,"column":8},"end":{"line":181,"column":null}}],"line":156},"29":{"loc":{"start":{"line":161,"column":11},"end":{"line":179,"column":null}},"type":"cond-expr","locations":[{"start":{"line":162,"column":12},"end":{"line":162,"column":null}},{"start":{"line":163,"column":14},"end":{"line":179,"column":null}}],"line":161},"30":{"loc":{"start":{"line":163,"column":14},"end":{"line":179,"column":null}},"type":"cond-expr","locations":[{"start":{"line":164,"column":12},"end":{"line":164,"column":null}},{"start":{"line":166,"column":12},"end":{"line":179,"column":null}}],"line":163},"31":{"loc":{"start":{"line":170,"column":49},"end":{"line":170,"column":80}},"type":"cond-expr","locations":[{"start":{"line":170,"column":71},"end":{"line":170,"column":78}},{"start":{"line":170,"column":78},"end":{"line":170,"column":80}}],"line":170},"32":{"loc":{"start":{"line":173,"column":32},"end":{"line":173,"column":null}},"type":"cond-expr","locations":[{"start":{"line":173,"column":54},"end":{"line":173,"column":77}},{"start":{"line":173,"column":77},"end":{"line":173,"column":null}}],"line":173},"33":{"loc":{"start":{"line":174,"column":27},"end":{"line":174,"column":null}},"type":"cond-expr","locations":[{"start":{"line":174,"column":49},"end":{"line":174,"column":58}},{"start":{"line":174,"column":58},"end":{"line":174,"column":null}}],"line":174},"34":{"loc":{"start":{"line":185,"column":7},"end":{"line":203,"column":null}},"type":"binary-expr","locations":[{"start":{"line":185,"column":7},"end":{"line":185,"column":null}},{"start":{"line":186,"column":8},"end":{"line":203,"column":null}}],"line":185},"35":{"loc":{"start":{"line":199,"column":11},"end":{"line":199,"column":null}},"type":"binary-expr","locations":[{"start":{"line":199,"column":11},"end":{"line":199,"column":20}},{"start":{"line":199,"column":20},"end":{"line":199,"column":null}}],"line":199},"36":{"loc":{"start":{"line":200,"column":43},"end":{"line":200,"column":null}},"type":"binary-expr","locations":[{"start":{"line":200,"column":43},"end":{"line":200,"column":52}},{"start":{"line":200,"column":52},"end":{"line":200,"column":null}}],"line":200},"37":{"loc":{"start":{"line":201,"column":92},"end":{"line":201,"column":118}},"type":"cond-expr","locations":[{"start":{"line":201,"column":110},"end":{"line":201,"column":116}},{"start":{"line":201,"column":116},"end":{"line":201,"column":118}}],"line":201},"38":{"loc":{"start":{"line":201,"column":92},"end":{"line":201,"column":110}},"type":"binary-expr","locations":[{"start":{"line":201,"column":92},"end":{"line":201,"column":101}},{"start":{"line":201,"column":101},"end":{"line":201,"column":110}}],"line":201}},"s":{"0":0,"1":0,"2":0,"3":0,"4":0,"5":0,"6":0,"7":0,"8":0,"9":0,"10":0,"11":0,"12":0,"13":0,"14":0,"15":0,"16":0,"17":0,"18":0,"19":0,"20":0,"21":0,"22":0,"23":0,"24":0,"25":0,"26":0,"27":0,"28":0,"29":0,"30":0,"31":0,"32":0,"33":0,"34":0,"35":0,"36":0,"37":0,"38":0,"39":0,"40":0,"41":0,"42":0,"43":0,"44":0,"45":0,"46":0,"47":0,"48":0,"49":0,"50":0,"51":0,"52":0,"53":0,"54":0,"55":0,"56":0,"57":0,"58":0,"59":0,"60":0,"61":0,"62":0,"63":0,"64":0,"65":0,"66":0,"67":0,"68":0,"69":0,"70":0,"71":0,"72":0,"73":0,"74":0,"75":0,"76":0,"77":0,"78":0,"79":0,"80":0,"81":0,"82":0},"f":{"0":0,"1":0,"2":0,"3":0,"4":0,"5":0,"6":0,"7":0,"8":0,"9":0,"10":0,"11":0,"12":0,"13":0,"14":0,"15":0,"16":0,"17":0,"18":0,"19":0,"20":0},"b":{"0":[0,0],"1":[0,0],"2":[0,0],"3":[0,0],"4":[0,0],"5":[0,0],"6":[0,0,0],"7":[0,0],"8":[0,0],"9":[0,0],"10":[0,0],"11":[0,0],"12":[0,0],"13":[0,0],"14":[0,0,0],"15":[0,0],"16":[0,0],"17":[0,0],"18":[0,0],"19":[0,0],"20":[0,0],"21":[0,0],"22":[0,0],"23":[0,0],"24":[0,0],"25":[0,0],"26":[0,0],"27":[0,0],"28":[0,0],"29":[0,0],"30":[0,0],"31":[0,0],"32":[0,0],"33":[0,0],"34":[0,0],"35":[0,0],"36":[0,0],"37":[0,0],"38":[0,0]},"meta":{"lastBranch":39,"lastFunction":21,"lastStatement":83,"seen":{"f:3:9:3:20":0,"s:4:2:4:Infinity":0,"f:7:9:7:20":1,"s:8:12:8:Infinity":1,"s:9:12:9:Infinity":2,"s:10:12:10:Infinity":3,"s:11:15:11:Infinity":4,"b:11:25:11:31:11:31:11:Infinity":0,"s:12:13:12:Infinity":5,"b:12:23:12:28:12:28:12:Infinity":1,"b:12:37:12:46:12:46:12:Infinity":2,"s:13:2:13:Infinity":6,"f:16:9:16:19":2,"s:17:16:17:Infinity":7,"s:18:16:18:Infinity":8,"s:19:35:19:Infinity":9,"s:20:2:20:Infinity":10,"s:20:15:20:18":11,"s:20:35:20:Infinity":12,"s:21:2:21:Infinity":13,"s:24:15:24:Infinity":14,"f:31:16:31:30":3,"s:32:16:32:Infinity":15,"s:33:22:33:Infinity":16,"s:34:24:34:Infinity":17,"s:35:38:35:Infinity":18,"s:36:24:36:Infinity":19,"s:37:28:37:Infinity":20,"s:38:38:38:Infinity":21,"s:39:22:39:Infinity":22,"s:40:24:40:Infinity":23,"s:41:24:41:Infinity":24,"s:42:26:42:Infinity":25,"s:43:40:43:Infinity":26,"s:44:24:44:Infinity":27,"s:46:15:46:Infinity":28,"s:48:8:60:Infinity":29,"f:48:33:48:40":4,"s:49:4:49:Infinity":30,"s:50:4:50:Infinity":31,"s:51:4:51:Infinity":32,"s:52:4:58:Infinity":33,"s:53:18:53:Infinity":34,"s:54:19:54:Infinity":35,"s:55:6:55:Infinity":36,"b:55:15:55:29:55:29:55:31":3,"s:57:6:57:Infinity":37,"s:59:4:59:Infinity":38,"s:62:2:64:Infinity":39,"f:62:12:62:18":5,"b:63:4:63:Infinity:undefined:undefined:undefined:undefined":4,"s:63:4:63:Infinity":40,"s:63:22:63:Infinity":41,"s:66:15:85:Infinity":42,"f:66:15:66:27":6,"b:67:4:67:Infinity:undefined:undefined:undefined:undefined":5,"s:67:4:67:Infinity":43,"b:67:8:67:25:67:25:67:34:67:34:67:42":6,"s:67:42:67:Infinity":44,"s:68:4:68:Infinity":45,"s:69:4:84:Infinity":46,"s:70:18:74:Infinity":47,"s:75:19:75:Infinity":48,"b:76:6:81:Infinity:79:13:81:Infinity":7,"s:76:6:81:Infinity":49,"s:77:8:77:Infinity":50,"s:78:8:78:Infinity":51,"s:80:8:80:Infinity":52,"b:80:17:80:31:80:31:80:47":8,"s:83:6:83:Infinity":53,"b:87:2:109:Infinity:undefined:undefined:undefined:undefined":9,"s:87:2:109:Infinity":54,"b:87:6:87:16:87:16:87:31":10,"s:88:4:107:Infinity":55,"s:111:2:205:Infinity":56,"f:116:19:116:25":7,"b:116:27:116:110:116:88:116:110":11,"s:116:27:116:110":57,"s:116:46:116:67":58,"f:116:54:116:59":8,"s:116:59:116:64":59,"s:116:67:116:81":60,"s:116:88:116:110":61,"f:116:97:116:102":9,"s:116:102:116:107":62,"f:121:19:121:25":10,"b:121:27:121:110:121:88:121:110":12,"s:121:27:121:110":63,"s:121:47:121:68":64,"f:121:55:121:60":11,"s:121:60:121:65":65,"s:121:68:121:81":66,"s:121:88:121:110":67,"f:121:97:121:102":12,"s:121:102:121:107":68,"f:131:56:131:Infinity":13,"s:132:10:132:Infinity":69,"f:134:18:134:19":14,"s:135:26:135:Infinity":70,"b:135:30:135:110:135:110:135:Infinity":13,"s:136:26:136:Infinity":71,"b:136:26:136:51:136:51:136:81:136:81:136:Infinity":14,"s:137:25:137:Infinity":72,"b:137:25:137:86:137:86:137:Infinity":15,"s:138:24:138:Infinity":73,"s:139:10:150:Infinity":74,"f:142:23:142:29":15,"b:142:31:142:79:undefined:undefined:undefined:undefined":16,"s:142:31:142:79":75,"b:142:35:142:40:142:40:142:49":17,"s:142:51:142:77":76,"b:144:85:144:97:144:97:144:Infinity":18,"b:144:70:144:75:144:75:144:85":19,"b:145:36:145:42:145:42:145:Infinity":20,"b:145:52:145:58:145:58:145:Infinity":21,"b:146:36:146:59:146:59:146:Infinity":22,"b:146:69:146:95:146:95:146:Infinity":23,"b:147:31:147:40:147:40:147:Infinity":24,"b:147:49:147:75:147:75:147:Infinity":25,"b:148:34:148:40:148:40:148:Infinity":26,"b:150:14:150:19:150:19:150:22":27,"b:156:7:156:Infinity:157:8:181:Infinity":28,"b:162:12:162:Infinity:163:14:179:Infinity":29,"b:164:12:164:Infinity:166:12:179:Infinity":30,"f:167:25:167:26":16,"s:168:16:177:Infinity":77,"f:170:27:170:33":17,"s:170:33:170:Infinity":78,"b:170:71:170:78:170:78:170:80":31,"b:173:54:173:77:173:77:173:Infinity":32,"b:174:49:174:58:174:58:174:Infinity":33,"b:185:7:185:Infinity:186:8:203:Infinity":34,"f:193:64:193:69":18,"s:193:69:193:Infinity":79,"f:195:79:195:84":19,"s:195:84:195:Infinity":80,"f:197:75:197:80":20,"s:197:80:197:106":81,"b:199:11:199:20:199:20:199:Infinity":35,"b:200:43:200:52:200:52:200:Infinity":36,"b:201:110:201:116:201:116:201:118":37,"b:201:92:201:101:201:101:201:110":38,"s:209:40:213:Infinity":82}}}
,"/Users/michaeloneal/open-calendar/src/db/neon.ts": {"path":"/Users/michaeloneal/open-calendar/src/db/neon.ts","statementMap":{"0":{"start":{"line":6,"column":20},"end":{"line":6,"column":null}},"1":{"start":{"line":7,"column":2},"end":{"line":7,"column":null}},"2":{"start":{"line":7,"column":17},"end":{"line":7,"column":null}},"3":{"start":{"line":9,"column":2},"end":{"line":9,"column":null}},"4":{"start":{"line":9,"column":67},"end":{"line":9,"column":null}},"5":{"start":{"line":10,"column":2},"end":{"line":10,"column":null}},"6":{"start":{"line":13,"column":12},"end":{"line":13,"column":null}},"7":{"start":{"line":14,"column":13},"end":{"line":14,"column":null}},"8":{"start":{"line":16,"column":19},"end":{"line":19,"column":null}},"9":{"start":{"line":17,"column":14},"end":{"line":17,"column":null}},"10":{"start":{"line":18,"column":2},"end":{"line":18,"column":null}}},"fnMap":{"0":{"name":"getUrl","decl":{"start":{"line":4,"column":9},"end":{"line":4,"column":26}},"loc":{"start":{"line":4,"column":26},"end":{"line":11,"column":null}},"line":4},"1":{"name":"(anonymous_1)","decl":{"start":{"line":16,"column":19},"end":{"line":16,"column":20}},"loc":{"start":{"line":16,"column":34},"end":{"line":19,"column":null}},"line":16}},"branchMap":{"0":{"loc":{"start":{"line":6,"column":20},"end":{"line":6,"column":null}},"type":"binary-expr","locations":[{"start":{"line":6,"column":20},"end":{"line":6,"column":58}},{"start":{"line":6,"column":58},"end":{"line":6,"column":null}}],"line":6},"1":{"loc":{"start":{"line":7,"column":2},"end":{"line":7,"column":null}},"type":"if","locations":[{"start":{"line":7,"column":2},"end":{"line":7,"column":null}},{"start":{},"end":{}}],"line":7},"2":{"loc":{"start":{"line":9,"column":2},"end":{"line":9,"column":null}},"type":"if","locations":[{"start":{"line":9,"column":2},"end":{"line":9,"column":null}},{"start":{},"end":{}}],"line":9},"3":{"loc":{"start":{"line":9,"column":6},"end":{"line":9,"column":67}},"type":"binary-expr","locations":[{"start":{"line":9,"column":6},"end":{"line":9,"column":40}},{"start":{"line":9,"column":40},"end":{"line":9,"column":67}}],"line":9}},"s":{"0":0,"1":0,"2":0,"3":0,"4":0,"5":0,"6":0,"7":0,"8":0,"9":0,"10":0},"f":{"0":0,"1":0},"b":{"0":[0,0],"1":[0,0],"2":[0,0],"3":[0,0]},"meta":{"lastBranch":4,"lastFunction":2,"lastStatement":11,"seen":{"f:4:9:4:26":0,"s:6:20:6:Infinity":0,"b:6:20:6:58:6:58:6:Infinity":0,"b:7:2:7:Infinity:undefined:undefined:undefined:undefined":1,"s:7:2:7:Infinity":1,"s:7:17:7:Infinity":2,"b:9:2:9:Infinity:undefined:undefined:undefined:undefined":2,"s:9:2:9:Infinity":3,"b:9:6:9:40:9:40:9:67":3,"s:9:67:9:Infinity":4,"s:10:2:10:Infinity":5,"s:13:12:13:Infinity":6,"s:14:13:14:Infinity":7,"s:16:19:19:Infinity":8,"f:16:19:16:20":1,"s:17:14:17:Infinity":9,"s:18:2:18:Infinity":10}}}
,"/Users/michaeloneal/open-calendar/src/host-dashboard/avatar.tsx": {"path":"/Users/michaeloneal/open-calendar/src/host-dashboard/avatar.tsx","statementMap":{"0":{"start":{"line":4,"column":8},"end":{"line":4,"column":null}},"1":{"start":{"line":5,"column":8},"end":{"line":5,"column":null}},"2":{"start":{"line":7,"column":17},"end":{"line":13,"column":null}},"3":{"start":{"line":8,"column":4},"end":{"line":12,"column":null}},"4":{"start":{"line":9,"column":6},"end":{"line":9,"column":null}},"5":{"start":{"line":10,"column":6},"end":{"line":10,"column":null}},"6":{"start":{"line":11,"column":6},"end":{"line":11,"column":null}},"7":{"start":{"line":11,"column":31},"end":{"line":11,"column":null}},"8":{"start":{"line":15,"column":2},"end":{"line":17,"column":null}},"9":{"start":{"line":16,"column":5},"end":{"line":16,"column":null}},"10":{"start":{"line":19,"column":2},"end":{"line":57,"column":null}},"11":{"start":{"line":26,"column":11},"end":{"line":26,"column":null}},"12":{"start":{"line":27,"column":10},"end":{"line":27,"column":null}},"13":{"start":{"line":27,"column":35},"end":{"line":27,"column":null}},"14":{"start":{"line":30,"column":22},"end":{"line":30,"column":null}},"15":{"start":{"line":31,"column":10},"end":{"line":37,"column":null}},"16":{"start":{"line":32,"column":12},"end":{"line":32,"column":null}},"17":{"start":{"line":33,"column":12},"end":{"line":33,"column":null}},"18":{"start":{"line":33,"column":37},"end":{"line":33,"column":null}},"19":{"start":{"line":35,"column":12},"end":{"line":35,"column":null}},"20":{"start":{"line":36,"column":12},"end":{"line":36,"column":null}},"21":{"start":{"line":36,"column":37},"end":{"line":36,"column":null}}},"fnMap":{"0":{"name":"Avatar","decl":{"start":{"line":3,"column":16},"end":{"line":3,"column":23}},"loc":{"start":{"line":3,"column":107},"end":{"line":59,"column":null}},"line":3},"1":{"name":"(anonymous_1)","decl":{"start":{"line":7,"column":17},"end":{"line":7,"column":23}},"loc":{"start":{"line":7,"column":23},"end":{"line":13,"column":null}},"line":7},"2":{"name":"(anonymous_2)","decl":{"start":{"line":15,"column":12},"end":{"line":15,"column":18}},"loc":{"start":{"line":15,"column":18},"end":{"line":17,"column":5}},"line":15},"3":{"name":"(anonymous_3)","decl":{"start":{"line":25,"column":17},"end":{"line":25,"column":18}},"loc":{"start":{"line":25,"column":24},"end":{"line":28,"column":null}},"line":25},"4":{"name":"(anonymous_4)","decl":{"start":{"line":29,"column":16},"end":{"line":29,"column":17}},"loc":{"start":{"line":29,"column":23},"end":{"line":38,"column":null}},"line":29}},"branchMap":{"0":{"loc":{"start":{"line":3,"column":39},"end":{"line":3,"column":55}},"type":"default-arg","locations":[{"start":{"line":3,"column":46},"end":{"line":3,"column":55}}],"line":3},"1":{"loc":{"start":{"line":8,"column":4},"end":{"line":12,"column":null}},"type":"if","locations":[{"start":{"line":8,"column":4},"end":{"line":12,"column":null}},{"start":{},"end":{}}],"line":8},"2":{"loc":{"start":{"line":11,"column":6},"end":{"line":11,"column":null}},"type":"if","locations":[{"start":{"line":11,"column":6},"end":{"line":11,"column":null}},{"start":{},"end":{}}],"line":11},"3":{"loc":{"start":{"line":27,"column":10},"end":{"line":27,"column":null}},"type":"if","locations":[{"start":{"line":27,"column":10},"end":{"line":27,"column":null}},{"start":{},"end":{}}],"line":27},"4":{"loc":{"start":{"line":31,"column":10},"end":{"line":37,"column":null}},"type":"if","locations":[{"start":{"line":31,"column":10},"end":{"line":37,"column":null}},{"start":{"line":34,"column":17},"end":{"line":37,"column":null}}],"line":31},"5":{"loc":{"start":{"line":33,"column":12},"end":{"line":33,"column":null}},"type":"if","locations":[{"start":{"line":33,"column":12},"end":{"line":33,"column":null}},{"start":{},"end":{}}],"line":33},"6":{"loc":{"start":{"line":36,"column":12},"end":{"line":36,"column":null}},"type":"if","locations":[{"start":{"line":36,"column":12},"end":{"line":36,"column":null}},{"start":{},"end":{}}],"line":36}},"s":{"0":3,"1":3,"2":3,"3":0,"4":0,"5":0,"6":0,"7":0,"8":3,"9":3,"10":3,"11":0,"12":0,"13":0,"14":0,"15":0,"16":0,"17":0,"18":0,"19":0,"20":0,"21":0},"f":{"0":3,"1":0,"2":3,"3":0,"4":0},"b":{"0":[3],"1":[0,0],"2":[0,0],"3":[0,0],"4":[0,0],"5":[0,0],"6":[0,0]},"meta":{"lastBranch":7,"lastFunction":5,"lastStatement":22,"seen":{"f:3:16:3:23":0,"b:3:46:3:55":0,"s:4:8:4:Infinity":0,"s:5:8:5:Infinity":1,"s:7:17:13:Infinity":2,"f:7:17:7:23":1,"b:8:4:12:Infinity:undefined:undefined:undefined:undefined":1,"s:8:4:12:Infinity":3,"s:9:6:9:Infinity":4,"s:10:6:10:Infinity":5,"b:11:6:11:Infinity:undefined:undefined:undefined:undefined":2,"s:11:6:11:Infinity":6,"s:11:31:11:Infinity":7,"s:15:2:17:Infinity":8,"f:15:12:15:18":2,"s:16:5:16:Infinity":9,"s:19:2:57:Infinity":10,"f:25:17:25:18":3,"s:26:11:26:Infinity":11,"b:27:10:27:Infinity:undefined:undefined:undefined:undefined":3,"s:27:10:27:Infinity":12,"s:27:35:27:Infinity":13,"f:29:16:29:17":4,"s:30:22:30:Infinity":14,"b:31:10:37:Infinity:34:17:37:Infinity":4,"s:31:10:37:Infinity":15,"s:32:12:32:Infinity":16,"b:33:12:33:Infinity:undefined:undefined:undefined:undefined":5,"s:33:12:33:Infinity":17,"s:33:37:33:Infinity":18,"s:35:12:35:Infinity":19,"b:36:12:36:Infinity:undefined:undefined:undefined:undefined":6,"s:36:12:36:Infinity":20,"s:36:37:36:Infinity":21}}}
,"/Users/michaeloneal/open-calendar/src/host-dashboard/event-type-manager.tsx": {"path":"/Users/michaeloneal/open-calendar/src/host-dashboard/event-type-manager.tsx","statementMap":{"0":{"start":{"line":17,"column":2},"end":{"line":17,"column":null}},"1":{"start":{"line":21,"column":24},"end":{"line":21,"column":null}},"2":{"start":{"line":22,"column":30},"end":{"line":22,"column":null}},"3":{"start":{"line":23,"column":28},"end":{"line":23,"column":null}},"4":{"start":{"line":24,"column":22},"end":{"line":24,"column":null}},"5":{"start":{"line":25,"column":26},"end":{"line":25,"column":null}},"6":{"start":{"line":27,"column":15},"end":{"line":30,"column":null}},"7":{"start":{"line":28,"column":16},"end":{"line":28,"column":null}},"8":{"start":{"line":29,"column":4},"end":{"line":29,"column":null}},"9":{"start":{"line":32,"column":2},"end":{"line":32,"column":null}},"10":{"start":{"line":32,"column":20},"end":{"line":32,"column":28}},"11":{"start":{"line":34,"column":15},"end":{"line":71,"column":null}},"12":{"start":{"line":35,"column":4},"end":{"line":35,"column":null}},"13":{"start":{"line":36,"column":4},"end":{"line":65,"column":null}},"14":{"start":{"line":38,"column":6},"end":{"line":49,"column":null}},"15":{"start":{"line":52,"column":6},"end":{"line":64,"column":null}},"16":{"start":{"line":66,"column":4},"end":{"line":66,"column":null}},"17":{"start":{"line":67,"column":4},"end":{"line":67,"column":null}},"18":{"start":{"line":68,"column":4},"end":{"line":68,"column":null}},"19":{"start":{"line":69,"column":4},"end":{"line":69,"column":null}},"20":{"start":{"line":70,"column":4},"end":{"line":70,"column":null}},"21":{"start":{"line":73,"column":17},"end":{"line":76,"column":null}},"22":{"start":{"line":74,"column":4},"end":{"line":74,"column":null}},"23":{"start":{"line":75,"column":4},"end":{"line":75,"column":null}},"24":{"start":{"line":78,"column":15},"end":{"line":90,"column":null}},"25":{"start":{"line":79,"column":4},"end":{"line":87,"column":null}},"26":{"start":{"line":88,"column":4},"end":{"line":88,"column":null}},"27":{"start":{"line":89,"column":4},"end":{"line":89,"column":null}},"28":{"start":{"line":92,"column":17},"end":{"line":96,"column":null}},"29":{"start":{"line":93,"column":4},"end":{"line":93,"column":null}},"30":{"start":{"line":94,"column":4},"end":{"line":94,"column":null}},"31":{"start":{"line":95,"column":4},"end":{"line":95,"column":null}},"32":{"start":{"line":98,"column":24},"end":{"line":99,"column":null}},"33":{"start":{"line":99,"column":4},"end":{"line":99,"column":null}},"34":{"start":{"line":101,"column":2},"end":{"line":190,"column":null}},"35":{"start":{"line":110,"column":8},"end":{"line":129,"column":null}},"36":{"start":{"line":127,"column":33},"end":{"line":127,"column":42}},"37":{"start":{"line":128,"column":33},"end":{"line":128,"column":47}},"38":{"start":{"line":143,"column":31},"end":{"line":143,"column":null}},"39":{"start":{"line":149,"column":31},"end":{"line":149,"column":null}},"40":{"start":{"line":155,"column":31},"end":{"line":155,"column":null}},"41":{"start":{"line":162,"column":33},"end":{"line":162,"column":null}},"42":{"start":{"line":168,"column":33},"end":{"line":168,"column":null}},"43":{"start":{"line":183,"column":31},"end":{"line":183,"column":50}},"44":{"start":{"line":194,"column":40},"end":{"line":203,"column":null}}},"fnMap":{"0":{"name":"emptyForm","decl":{"start":{"line":16,"column":9},"end":{"line":16,"column":21}},"loc":{"start":{"line":16,"column":21},"end":{"line":18,"column":null}},"line":16},"1":{"name":"EventTypeManager","decl":{"start":{"line":20,"column":16},"end":{"line":20,"column":35}},"loc":{"start":{"line":20,"column":35},"end":{"line":192,"column":null}},"line":20},"2":{"name":"(anonymous_2)","decl":{"start":{"line":27,"column":15},"end":{"line":27,"column":27}},"loc":{"start":{"line":27,"column":27},"end":{"line":30,"column":null}},"line":27},"3":{"name":"(anonymous_3)","decl":{"start":{"line":32,"column":12},"end":{"line":32,"column":18}},"loc":{"start":{"line":32,"column":18},"end":{"line":32,"column":31}},"line":32},"4":{"name":"(anonymous_4)","decl":{"start":{"line":34,"column":15},"end":{"line":34,"column":27}},"loc":{"start":{"line":34,"column":27},"end":{"line":71,"column":null}},"line":34},"5":{"name":"(anonymous_5)","decl":{"start":{"line":73,"column":17},"end":{"line":73,"column":24}},"loc":{"start":{"line":73,"column":39},"end":{"line":76,"column":null}},"line":73},"6":{"name":"(anonymous_6)","decl":{"start":{"line":78,"column":15},"end":{"line":78,"column":16}},"loc":{"start":{"line":78,"column":33},"end":{"line":90,"column":null}},"line":78},"7":{"name":"(anonymous_7)","decl":{"start":{"line":92,"column":17},"end":{"line":92,"column":23}},"loc":{"start":{"line":92,"column":23},"end":{"line":96,"column":null}},"line":92},"8":{"name":"(anonymous_8)","decl":{"start":{"line":98,"column":24},"end":{"line":98,"column":25}},"loc":{"start":{"line":99,"column":4},"end":{"line":99,"column":null}},"line":99},"9":{"name":"(anonymous_9)","decl":{"start":{"line":109,"column":17},"end":{"line":109,"column":18}},"loc":{"start":{"line":110,"column":8},"end":{"line":129,"column":null}},"line":110},"10":{"name":"(anonymous_10)","decl":{"start":{"line":127,"column":27},"end":{"line":127,"column":33}},"loc":{"start":{"line":127,"column":33},"end":{"line":127,"column":42}},"line":127},"11":{"name":"(anonymous_11)","decl":{"start":{"line":128,"column":27},"end":{"line":128,"column":33}},"loc":{"start":{"line":128,"column":33},"end":{"line":128,"column":47}},"line":128},"12":{"name":"(anonymous_12)","decl":{"start":{"line":143,"column":24},"end":{"line":143,"column":25}},"loc":{"start":{"line":143,"column":31},"end":{"line":143,"column":null}},"line":143},"13":{"name":"(anonymous_13)","decl":{"start":{"line":149,"column":24},"end":{"line":149,"column":25}},"loc":{"start":{"line":149,"column":31},"end":{"line":149,"column":null}},"line":149},"14":{"name":"(anonymous_14)","decl":{"start":{"line":155,"column":24},"end":{"line":155,"column":25}},"loc":{"start":{"line":155,"column":31},"end":{"line":155,"column":null}},"line":155},"15":{"name":"(anonymous_15)","decl":{"start":{"line":162,"column":26},"end":{"line":162,"column":27}},"loc":{"start":{"line":162,"column":33},"end":{"line":162,"column":null}},"line":162},"16":{"name":"(anonymous_16)","decl":{"start":{"line":168,"column":26},"end":{"line":168,"column":27}},"loc":{"start":{"line":168,"column":33},"end":{"line":168,"column":null}},"line":168},"17":{"name":"(anonymous_17)","decl":{"start":{"line":183,"column":25},"end":{"line":183,"column":31}},"loc":{"start":{"line":183,"column":31},"end":{"line":183,"column":50}},"line":183}},"branchMap":{"0":{"loc":{"start":{"line":36,"column":4},"end":{"line":65,"column":null}},"type":"if","locations":[{"start":{"line":36,"column":4},"end":{"line":65,"column":null}},{"start":{"line":50,"column":11},"end":{"line":65,"column":null}}],"line":36},"1":{"loc":{"start":{"line":43,"column":23},"end":{"line":43,"column":null}},"type":"binary-expr","locations":[{"start":{"line":43,"column":23},"end":{"line":43,"column":43}},{"start":{"line":43,"column":43},"end":{"line":43,"column":null}}],"line":43},"2":{"loc":{"start":{"line":57,"column":23},"end":{"line":57,"column":null}},"type":"binary-expr","locations":[{"start":{"line":57,"column":23},"end":{"line":57,"column":43}},{"start":{"line":57,"column":43},"end":{"line":57,"column":null}}],"line":57},"3":{"loc":{"start":{"line":82,"column":19},"end":{"line":82,"column":null}},"type":"binary-expr","locations":[{"start":{"line":82,"column":19},"end":{"line":82,"column":36}},{"start":{"line":82,"column":36},"end":{"line":82,"column":null}}],"line":82},"4":{"loc":{"start":{"line":104,"column":7},"end":{"line":107,"column":null}},"type":"binary-expr","locations":[{"start":{"line":104,"column":7},"end":{"line":104,"column":29}},{"start":{"line":104,"column":29},"end":{"line":104,"column":null}},{"start":{"line":105,"column":8},"end":{"line":107,"column":null}}],"line":104},"5":{"loc":{"start":{"line":117,"column":24},"end":{"line":117,"column":null}},"type":"cond-expr","locations":[{"start":{"line":117,"column":38},"end":{"line":117,"column":64}},{"start":{"line":117,"column":64},"end":{"line":117,"column":null}}],"line":117},"6":{"loc":{"start":{"line":118,"column":21},"end":{"line":118,"column":null}},"type":"cond-expr","locations":[{"start":{"line":118,"column":35},"end":{"line":118,"column":39}},{"start":{"line":118,"column":39},"end":{"line":118,"column":null}}],"line":118},"7":{"loc":{"start":{"line":124,"column":51},"end":{"line":124,"column":null}},"type":"binary-expr","locations":[{"start":{"line":124,"column":51},"end":{"line":124,"column":67}},{"start":{"line":124,"column":67},"end":{"line":124,"column":null}}],"line":124},"8":{"loc":{"start":{"line":133,"column":7},"end":{"line":179,"column":null}},"type":"binary-expr","locations":[{"start":{"line":133,"column":7},"end":{"line":133,"column":null}},{"start":{"line":134,"column":8},"end":{"line":179,"column":null}}],"line":133},"9":{"loc":{"start":{"line":143,"column":79},"end":{"line":143,"column":131}},"type":"cond-expr","locations":[{"start":{"line":143,"column":89},"end":{"line":143,"column":101}},{"start":{"line":143,"column":101},"end":{"line":143,"column":131}}],"line":143},"10":{"loc":{"start":{"line":162,"column":62},"end":{"line":162,"column":93}},"type":"binary-expr","locations":[{"start":{"line":162,"column":62},"end":{"line":162,"column":90}},{"start":{"line":162,"column":90},"end":{"line":162,"column":93}}],"line":162},"11":{"loc":{"start":{"line":168,"column":67},"end":{"line":168,"column":97}},"type":"binary-expr","locations":[{"start":{"line":168,"column":67},"end":{"line":168,"column":95}},{"start":{"line":168,"column":95},"end":{"line":168,"column":97}}],"line":168},"12":{"loc":{"start":{"line":173,"column":45},"end":{"line":173,"column":null}},"type":"binary-expr","locations":[{"start":{"line":173,"column":45},"end":{"line":173,"column":60}},{"start":{"line":173,"column":60},"end":{"line":173,"column":74}},{"start":{"line":173,"column":74},"end":{"line":173,"column":null}}],"line":173},"13":{"loc":{"start":{"line":175,"column":15},"end":{"line":175,"column":null}},"type":"cond-expr","locations":[{"start":{"line":175,"column":24},"end":{"line":175,"column":38}},{"start":{"line":175,"column":38},"end":{"line":175,"column":null}}],"line":175},"14":{"loc":{"start":{"line":175,"column":38},"end":{"line":175,"column":null}},"type":"cond-expr","locations":[{"start":{"line":175,"column":48},"end":{"line":175,"column":59}},{"start":{"line":175,"column":59},"end":{"line":175,"column":null}}],"line":175},"15":{"loc":{"start":{"line":182,"column":7},"end":{"line":188,"column":null}},"type":"binary-expr","locations":[{"start":{"line":182,"column":7},"end":{"line":182,"column":null}},{"start":{"line":183,"column":8},"end":{"line":188,"column":null}}],"line":182}},"s":{"0":0,"1":0,"2":0,"3":0,"4":0,"5":0,"6":0,"7":0,"8":0,"9":0,"10":0,"11":0,"12":0,"13":0,"14":0,"15":0,"16":0,"17":0,"18":0,"19":0,"20":0,"21":0,"22":0,"23":0,"24":0,"25":0,"26":0,"27":0,"28":0,"29":0,"30":0,"31":0,"32":0,"33":0,"34":0,"35":0,"36":0,"37":0,"38":0,"39":0,"40":0,"41":0,"42":0,"43":0,"44":0},"f":{"0":0,"1":0,"2":0,"3":0,"4":0,"5":0,"6":0,"7":0,"8":0,"9":0,"10":0,"11":0,"12":0,"13":0,"14":0,"15":0,"16":0,"17":0},"b":{"0":[0,0],"1":[0,0],"2":[0,0],"3":[0,0],"4":[0,0,0],"5":[0,0],"6":[0,0],"7":[0,0],"8":[0,0],"9":[0,0],"10":[0,0],"11":[0,0],"12":[0,0,0],"13":[0,0],"14":[0,0],"15":[0,0]},"meta":{"lastBranch":16,"lastFunction":18,"lastStatement":45,"seen":{"f:16:9:16:21":0,"s:17:2:17:Infinity":0,"f:20:16:20:35":1,"s:21:24:21:Infinity":1,"s:22:30:22:Infinity":2,"s:23:28:23:Infinity":3,"s:24:22:24:Infinity":4,"s:25:26:25:Infinity":5,"s:27:15:30:Infinity":6,"f:27:15:27:27":2,"s:28:16:28:Infinity":7,"s:29:4:29:Infinity":8,"s:32:2:32:Infinity":9,"f:32:12:32:18":3,"s:32:20:32:28":10,"s:34:15:71:Infinity":11,"f:34:15:34:27":4,"s:35:4:35:Infinity":12,"b:36:4:65:Infinity:50:11:65:Infinity":0,"s:36:4:65:Infinity":13,"s:38:6:49:Infinity":14,"b:43:23:43:43:43:43:43:Infinity":1,"s:52:6:64:Infinity":15,"b:57:23:57:43:57:43:57:Infinity":2,"s:66:4:66:Infinity":16,"s:67:4:67:Infinity":17,"s:68:4:68:Infinity":18,"s:69:4:69:Infinity":19,"s:70:4:70:Infinity":20,"s:73:17:76:Infinity":21,"f:73:17:73:24":5,"s:74:4:74:Infinity":22,"s:75:4:75:Infinity":23,"s:78:15:90:Infinity":24,"f:78:15:78:16":6,"s:79:4:87:Infinity":25,"b:82:19:82:36:82:36:82:Infinity":3,"s:88:4:88:Infinity":26,"s:89:4:89:Infinity":27,"s:92:17:96:Infinity":28,"f:92:17:92:23":7,"s:93:4:93:Infinity":29,"s:94:4:94:Infinity":30,"s:95:4:95:Infinity":31,"s:98:24:99:Infinity":32,"f:98:24:98:25":8,"s:99:4:99:Infinity":33,"s:101:2:190:Infinity":34,"b:104:7:104:29:104:29:104:Infinity:105:8:107:Infinity":4,"f:109:17:109:18":9,"s:110:8:129:Infinity":35,"b:117:38:117:64:117:64:117:Infinity":5,"b:118:35:118:39:118:39:118:Infinity":6,"b:124:51:124:67:124:67:124:Infinity":7,"f:127:27:127:33":10,"s:127:33:127:42":36,"f:128:27:128:33":11,"s:128:33:128:47":37,"b:133:7:133:Infinity:134:8:179:Infinity":8,"f:143:24:143:25":12,"s:143:31:143:Infinity":38,"b:143:89:143:101:143:101:143:131":9,"f:149:24:149:25":13,"s:149:31:149:Infinity":39,"f:155:24:155:25":14,"s:155:31:155:Infinity":40,"f:162:26:162:27":15,"s:162:33:162:Infinity":41,"b:162:62:162:90:162:90:162:93":10,"f:168:26:168:27":16,"s:168:33:168:Infinity":42,"b:168:67:168:95:168:95:168:97":11,"b:173:45:173:60:173:60:173:74:173:74:173:Infinity":12,"b:175:24:175:38:175:38:175:Infinity":13,"b:175:48:175:59:175:59:175:Infinity":14,"b:182:7:182:Infinity:183:8:188:Infinity":15,"f:183:25:183:31":17,"s:183:31:183:50":43,"s:194:40:203:Infinity":44}}}
,"/Users/michaeloneal/open-calendar/src/host-dashboard/schedule-editor.tsx": {"path":"/Users/michaeloneal/open-calendar/src/host-dashboard/schedule-editor.tsx","statementMap":{"0":{"start":{"line":3,"column":17},"end":{"line":3,"column":null}},"1":{"start":{"line":13,"column":12},"end":{"line":13,"column":null}},"2":{"start":{"line":14,"column":2},"end":{"line":14,"column":null}},"3":{"start":{"line":14,"column":10},"end":{"line":14,"column":null}},"4":{"start":{"line":15,"column":13},"end":{"line":15,"column":null}},"5":{"start":{"line":16,"column":13},"end":{"line":16,"column":null}},"6":{"start":{"line":17,"column":15},"end":{"line":17,"column":null}},"7":{"start":{"line":18,"column":2},"end":{"line":20,"column":null}},"8":{"start":{"line":19,"column":4},"end":{"line":19,"column":null}},"9":{"start":{"line":21,"column":15},"end":{"line":21,"column":null}},"10":{"start":{"line":21,"column":44},"end":{"line":21,"column":59}},"11":{"start":{"line":22,"column":2},"end":{"line":22,"column":null}},"12":{"start":{"line":22,"column":16},"end":{"line":22,"column":null}},"13":{"start":{"line":23,"column":2},"end":{"line":23,"column":null}},"14":{"start":{"line":23,"column":16},"end":{"line":23,"column":null}},"15":{"start":{"line":24,"column":2},"end":{"line":24,"column":null}},"16":{"start":{"line":24,"column":20},"end":{"line":24,"column":null}},"17":{"start":{"line":25,"column":2},"end":{"line":25,"column":null}},"18":{"start":{"line":25,"column":22},"end":{"line":25,"column":null}},"19":{"start":{"line":26,"column":2},"end":{"line":26,"column":null}},"20":{"start":{"line":30,"column":2},"end":{"line":30,"column":null}},"21":{"start":{"line":30,"column":13},"end":{"line":30,"column":null}},"22":{"start":{"line":31,"column":17},"end":{"line":31,"column":null}},"23":{"start":{"line":32,"column":17},"end":{"line":32,"column":null}},"24":{"start":{"line":33,"column":15},"end":{"line":33,"column":null}},"25":{"start":{"line":34,"column":2},"end":{"line":34,"column":null}},"26":{"start":{"line":38,"column":2},"end":{"line":38,"column":null}},"27":{"start":{"line":42,"column":24},"end":{"line":46,"column":null}},"28":{"start":{"line":43,"column":41},"end":{"line":43,"column":null}},"29":{"start":{"line":44,"column":4},"end":{"line":44,"column":null}},"30":{"start":{"line":44,"column":29},"end":{"line":44,"column":null}},"31":{"start":{"line":45,"column":4},"end":{"line":45,"column":null}},"32":{"start":{"line":47,"column":26},"end":{"line":47,"column":null}},"33":{"start":{"line":48,"column":24},"end":{"line":48,"column":null}},"34":{"start":{"line":50,"column":2},"end":{"line":60,"column":null}},"35":{"start":{"line":51,"column":4},"end":{"line":59,"column":null}},"36":{"start":{"line":52,"column":19},"end":{"line":52,"column":null}},"37":{"start":{"line":53,"column":6},"end":{"line":57,"column":null}},"38":{"start":{"line":53,"column":19},"end":{"line":53,"column":22}},"39":{"start":{"line":54,"column":8},"end":{"line":56,"column":null}},"40":{"start":{"line":55,"column":10},"end":{"line":55,"column":null}},"41":{"start":{"line":55,"column":21},"end":{"line":55,"column":null}},"42":{"start":{"line":58,"column":6},"end":{"line":58,"column":null}},"43":{"start":{"line":62,"column":20},"end":{"line":70,"column":null}},"44":{"start":{"line":63,"column":4},"end":{"line":68,"column":null}},"45":{"start":{"line":64,"column":19},"end":{"line":64,"column":null}},"46":{"start":{"line":65,"column":6},"end":{"line":66,"column":null}},"47":{"start":{"line":65,"column":21},"end":{"line":65,"column":null}},"48":{"start":{"line":66,"column":11},"end":{"line":66,"column":null}},"49":{"start":{"line":67,"column":6},"end":{"line":67,"column":null}},"50":{"start":{"line":69,"column":4},"end":{"line":69,"column":null}},"51":{"start":{"line":72,"column":21},"end":{"line":79,"column":null}},"52":{"start":{"line":73,"column":4},"end":{"line":77,"column":null}},"53":{"start":{"line":74,"column":16},"end":{"line":74,"column":null}},"54":{"start":{"line":75,"column":6},"end":{"line":75,"column":null}},"55":{"start":{"line":75,"column":14},"end":{"line":75,"column":null}},"56":{"start":{"line":76,"column":6},"end":{"line":76,"column":null}},"57":{"start":{"line":78,"column":4},"end":{"line":78,"column":null}},"58":{"start":{"line":81,"column":19},"end":{"line":88,"column":null}},"59":{"start":{"line":82,"column":4},"end":{"line":87,"column":null}},"60":{"start":{"line":83,"column":16},"end":{"line":83,"column":null}},"61":{"start":{"line":84,"column":6},"end":{"line":84,"column":null}},"62":{"start":{"line":84,"column":14},"end":{"line":84,"column":null}},"63":{"start":{"line":85,"column":21},"end":{"line":85,"column":null}},"64":{"start":{"line":86,"column":6},"end":{"line":86,"column":null}},"65":{"start":{"line":90,"column":8},"end":{"line":96,"column":null}},"66":{"start":{"line":91,"column":4},"end":{"line":94,"column":null}},"67":{"start":{"line":92,"column":6},"end":{"line":92,"column":null}},"68":{"start":{"line":92,"column":14},"end":{"line":92,"column":null}},"69":{"start":{"line":93,"column":6},"end":{"line":93,"column":null}},"70":{"start":{"line":93,"column":60},"end":{"line":93,"column":null}},"71":{"start":{"line":95,"column":4},"end":{"line":95,"column":null}},"72":{"start":{"line":98,"column":15},"end":{"line":110,"column":null}},"73":{"start":{"line":99,"column":4},"end":{"line":99,"column":null}},"74":{"start":{"line":99,"column":18},"end":{"line":99,"column":null}},"75":{"start":{"line":100,"column":4},"end":{"line":100,"column":null}},"76":{"start":{"line":101,"column":20},"end":{"line":101,"column":null}},"77":{"start":{"line":101,"column":55},"end":{"line":101,"column":56}},"78":{"start":{"line":102,"column":4},"end":{"line":106,"column":null}},"79":{"start":{"line":107,"column":4},"end":{"line":107,"column":null}},"80":{"start":{"line":108,"column":4},"end":{"line":108,"column":null}},"81":{"start":{"line":109,"column":4},"end":{"line":109,"column":null}},"82":{"start":{"line":109,"column":21},"end":{"line":109,"column":38}},"83":{"start":{"line":112,"column":14},"end":{"line":157,"column":null}},"84":{"start":{"line":113,"column":17},"end":{"line":113,"column":null}},"85":{"start":{"line":114,"column":15},"end":{"line":114,"column":null}},"86":{"start":{"line":115,"column":4},"end":{"line":155,"column":null}},"87":{"start":{"line":118,"column":23},"end":{"line":118,"column":null}},"88":{"start":{"line":136,"column":28},"end":{"line":136,"column":null}},"89":{"start":{"line":141,"column":31},"end":{"line":141,"column":null}},"90":{"start":{"line":142,"column":28},"end":{"line":142,"column":null}},"91":{"start":{"line":148,"column":31},"end":{"line":148,"column":null}},"92":{"start":{"line":149,"column":28},"end":{"line":149,"column":null}},"93":{"start":{"line":159,"column":2},"end":{"line":176,"column":null}},"94":{"start":{"line":161,"column":34},"end":{"line":161,"column":47}},"95":{"start":{"line":191,"column":28},"end":{"line":191,"column":null}},"96":{"start":{"line":192,"column":2},"end":{"line":215,"column":null}},"97":{"start":{"line":197,"column":23},"end":{"line":197,"column":null}},"98":{"start":{"line":198,"column":21},"end":{"line":198,"column":null}},"99":{"start":{"line":200,"column":8},"end":{"line":200,"column":null}},"100":{"start":{"line":201,"column":8},"end":{"line":201,"column":null}}},"fnMap":{"0":{"name":"parseTime","decl":{"start":{"line":11,"column":9},"end":{"line":11,"column":19}},"loc":{"start":{"line":11,"column":40},"end":{"line":27,"column":null}},"line":11},"1":{"name":"(anonymous_1)","decl":{"start":{"line":21,"column":37},"end":{"line":21,"column":38}},"loc":{"start":{"line":21,"column":44},"end":{"line":21,"column":59}},"line":21},"2":{"name":"displayTime","decl":{"start":{"line":29,"column":9},"end":{"line":29,"column":21}},"loc":{"start":{"line":29,"column":43},"end":{"line":35,"column":null}},"line":29},"3":{"name":"validTime","decl":{"start":{"line":37,"column":9},"end":{"line":37,"column":19}},"loc":{"start":{"line":37,"column":41},"end":{"line":39,"column":null}},"line":37},"4":{"name":"ScheduleEditor","decl":{"start":{"line":41,"column":16},"end":{"line":41,"column":31}},"loc":{"start":{"line":41,"column":68},"end":{"line":178,"column":null}},"line":41},"5":{"name":"(anonymous_5)","decl":{"start":{"line":42,"column":62},"end":{"line":42,"column":68}},"loc":{"start":{"line":42,"column":68},"end":{"line":46,"column":3}},"line":42},"6":{"name":"(anonymous_6)","decl":{"start":{"line":50,"column":12},"end":{"line":50,"column":18}},"loc":{"start":{"line":50,"column":18},"end":{"line":60,"column":5}},"line":50},"7":{"name":"(anonymous_7)","decl":{"start":{"line":51,"column":13},"end":{"line":51,"column":14}},"loc":{"start":{"line":51,"column":23},"end":{"line":59,"column":5}},"line":51},"8":{"name":"(anonymous_8)","decl":{"start":{"line":62,"column":20},"end":{"line":62,"column":21}},"loc":{"start":{"line":62,"column":37},"end":{"line":70,"column":null}},"line":62},"9":{"name":"(anonymous_9)","decl":{"start":{"line":63,"column":13},"end":{"line":63,"column":14}},"loc":{"start":{"line":63,"column":23},"end":{"line":68,"column":5}},"line":63},"10":{"name":"(anonymous_10)","decl":{"start":{"line":72,"column":21},"end":{"line":72,"column":22}},"loc":{"start":{"line":72,"column":83},"end":{"line":79,"column":null}},"line":72},"11":{"name":"(anonymous_11)","decl":{"start":{"line":73,"column":13},"end":{"line":73,"column":14}},"loc":{"start":{"line":73,"column":23},"end":{"line":77,"column":5}},"line":73},"12":{"name":"(anonymous_12)","decl":{"start":{"line":81,"column":19},"end":{"line":81,"column":20}},"loc":{"start":{"line":81,"column":68},"end":{"line":88,"column":null}},"line":81},"13":{"name":"(anonymous_13)","decl":{"start":{"line":82,"column":13},"end":{"line":82,"column":14}},"loc":{"start":{"line":82,"column":23},"end":{"line":87,"column":5}},"line":82},"14":{"name":"(anonymous_14)","decl":{"start":{"line":90,"column":19},"end":{"line":90,"column":25}},"loc":{"start":{"line":90,"column":25},"end":{"line":96,"column":5}},"line":90},"15":{"name":"(anonymous_15)","decl":{"start":{"line":98,"column":15},"end":{"line":98,"column":27}},"loc":{"start":{"line":98,"column":27},"end":{"line":110,"column":null}},"line":98},"16":{"name":"(anonymous_16)","decl":{"start":{"line":101,"column":48},"end":{"line":101,"column":49}},"loc":{"start":{"line":101,"column":55},"end":{"line":101,"column":56}},"line":101},"17":{"name":"(anonymous_17)","decl":{"start":{"line":109,"column":15},"end":{"line":109,"column":21}},"loc":{"start":{"line":109,"column":21},"end":{"line":109,"column":38}},"line":109},"18":{"name":"(anonymous_18)","decl":{"start":{"line":112,"column":14},"end":{"line":112,"column":15}},"loc":{"start":{"line":112,"column":46},"end":{"line":157,"column":null}},"line":112},"19":{"name":"(anonymous_19)","decl":{"start":{"line":118,"column":17},"end":{"line":118,"column":23}},"loc":{"start":{"line":118,"column":23},"end":{"line":118,"column":null}},"line":118},"20":{"name":"(anonymous_20)","decl":{"start":{"line":136,"column":21},"end":{"line":136,"column":22}},"loc":{"start":{"line":136,"column":28},"end":{"line":136,"column":null}},"line":136},"21":{"name":"(anonymous_21)","decl":{"start":{"line":141,"column":24},"end":{"line":141,"column":25}},"loc":{"start":{"line":141,"column":31},"end":{"line":141,"column":null}},"line":141},"22":{"name":"(anonymous_22)","decl":{"start":{"line":142,"column":22},"end":{"line":142,"column":28}},"loc":{"start":{"line":142,"column":28},"end":{"line":142,"column":null}},"line":142},"23":{"name":"(anonymous_23)","decl":{"start":{"line":148,"column":24},"end":{"line":148,"column":25}},"loc":{"start":{"line":148,"column":31},"end":{"line":148,"column":null}},"line":148},"24":{"name":"(anonymous_24)","decl":{"start":{"line":149,"column":22},"end":{"line":149,"column":28}},"loc":{"start":{"line":149,"column":28},"end":{"line":149,"column":null}},"line":149},"25":{"name":"(anonymous_25)","decl":{"start":{"line":161,"column":20},"end":{"line":161,"column":21}},"loc":{"start":{"line":161,"column":34},"end":{"line":161,"column":47}},"line":161},"26":{"name":"TextField","decl":{"start":{"line":180,"column":9},"end":{"line":180,"column":19}},"loc":{"start":{"line":190,"column":3},"end":{"line":217,"column":null}},"line":190},"27":{"name":"(anonymous_27)","decl":{"start":{"line":197,"column":16},"end":{"line":197,"column":17}},"loc":{"start":{"line":197,"column":23},"end":{"line":197,"column":null}},"line":197},"28":{"name":"(anonymous_28)","decl":{"start":{"line":198,"column":15},"end":{"line":198,"column":21}},"loc":{"start":{"line":198,"column":21},"end":{"line":198,"column":null}},"line":198},"29":{"name":"(anonymous_29)","decl":{"start":{"line":199,"column":14},"end":{"line":199,"column":20}},"loc":{"start":{"line":199,"column":20},"end":{"line":202,"column":null}},"line":199}},"branchMap":{"0":{"loc":{"start":{"line":14,"column":2},"end":{"line":14,"column":null}},"type":"if","locations":[{"start":{"line":14,"column":2},"end":{"line":14,"column":null}},{"start":{},"end":{}}],"line":14},"1":{"loc":{"start":{"line":15,"column":13},"end":{"line":15,"column":null}},"type":"binary-expr","locations":[{"start":{"line":15,"column":13},"end":{"line":15,"column":32}},{"start":{"line":15,"column":32},"end":{"line":15,"column":null}}],"line":15},"2":{"loc":{"start":{"line":16,"column":13},"end":{"line":16,"column":null}},"type":"binary-expr","locations":[{"start":{"line":16,"column":13},"end":{"line":16,"column":32}},{"start":{"line":16,"column":32},"end":{"line":16,"column":null}}],"line":16},"3":{"loc":{"start":{"line":18,"column":2},"end":{"line":20,"column":null}},"type":"if","locations":[{"start":{"line":18,"column":2},"end":{"line":20,"column":null}},{"start":{},"end":{}}],"line":18},"4":{"loc":{"start":{"line":19,"column":13},"end":{"line":19,"column":null}},"type":"cond-expr","locations":[{"start":{"line":19,"column":34},"end":{"line":19,"column":51}},{"start":{"line":19,"column":51},"end":{"line":19,"column":null}}],"line":19},"5":{"loc":{"start":{"line":22,"column":2},"end":{"line":22,"column":null}},"type":"if","locations":[{"start":{"line":22,"column":2},"end":{"line":22,"column":null}},{"start":{},"end":{}}],"line":22},"6":{"loc":{"start":{"line":23,"column":2},"end":{"line":23,"column":null}},"type":"if","locations":[{"start":{"line":23,"column":2},"end":{"line":23,"column":null}},{"start":{},"end":{}}],"line":23},"7":{"loc":{"start":{"line":24,"column":2},"end":{"line":24,"column":null}},"type":"if","locations":[{"start":{"line":24,"column":2},"end":{"line":24,"column":null}},{"start":{},"end":{}}],"line":24},"8":{"loc":{"start":{"line":24,"column":6},"end":{"line":24,"column":20}},"type":"binary-expr","locations":[{"start":{"line":24,"column":6},"end":{"line":24,"column":12}},{"start":{"line":24,"column":12},"end":{"line":24,"column":20}}],"line":24},"9":{"loc":{"start":{"line":25,"column":2},"end":{"line":25,"column":null}},"type":"if","locations":[{"start":{"line":25,"column":2},"end":{"line":25,"column":null}},{"start":{},"end":{}}],"line":25},"10":{"loc":{"start":{"line":25,"column":6},"end":{"line":25,"column":22}},"type":"binary-expr","locations":[{"start":{"line":25,"column":6},"end":{"line":25,"column":12}},{"start":{"line":25,"column":12},"end":{"line":25,"column":22}}],"line":25},"11":{"loc":{"start":{"line":30,"column":2},"end":{"line":30,"column":null}},"type":"if","locations":[{"start":{"line":30,"column":2},"end":{"line":30,"column":null}},{"start":{},"end":{}}],"line":30},"12":{"loc":{"start":{"line":32,"column":17},"end":{"line":32,"column":null}},"type":"cond-expr","locations":[{"start":{"line":32,"column":27},"end":{"line":32,"column":33}},{"start":{"line":32,"column":33},"end":{"line":32,"column":null}}],"line":32},"13":{"loc":{"start":{"line":33,"column":15},"end":{"line":33,"column":null}},"type":"cond-expr","locations":[{"start":{"line":33,"column":25},"end":{"line":33,"column":30}},{"start":{"line":33,"column":30},"end":{"line":33,"column":null}}],"line":33},"14":{"loc":{"start":{"line":33,"column":30},"end":{"line":33,"column":null}},"type":"cond-expr","locations":[{"start":{"line":33,"column":39},"end":{"line":33,"column":48}},{"start":{"line":33,"column":48},"end":{"line":33,"column":null}}],"line":33},"15":{"loc":{"start":{"line":54,"column":8},"end":{"line":56,"column":null}},"type":"if","locations":[{"start":{"line":54,"column":8},"end":{"line":56,"column":null}},{"start":{},"end":{}}],"line":54},"16":{"loc":{"start":{"line":55,"column":10},"end":{"line":55,"column":null}},"type":"if","locations":[{"start":{"line":55,"column":10},"end":{"line":55,"column":null}},{"start":{},"end":{}}],"line":55},"17":{"loc":{"start":{"line":65,"column":6},"end":{"line":66,"column":null}},"type":"if","locations":[{"start":{"line":65,"column":6},"end":{"line":66,"column":null}},{"start":{"line":66,"column":11},"end":{"line":66,"column":null}}],"line":65},"18":{"loc":{"start":{"line":75,"column":6},"end":{"line":75,"column":null}},"type":"if","locations":[{"start":{"line":75,"column":6},"end":{"line":75,"column":null}},{"start":{},"end":{}}],"line":75},"19":{"loc":{"start":{"line":84,"column":6},"end":{"line":84,"column":null}},"type":"if","locations":[{"start":{"line":84,"column":6},"end":{"line":84,"column":null}},{"start":{},"end":{}}],"line":84},"20":{"loc":{"start":{"line":86,"column":48},"end":{"line":86,"column":67}},"type":"binary-expr","locations":[{"start":{"line":86,"column":48},"end":{"line":86,"column":58}},{"start":{"line":86,"column":58},"end":{"line":86,"column":67}}],"line":86},"21":{"loc":{"start":{"line":92,"column":6},"end":{"line":92,"column":null}},"type":"if","locations":[{"start":{"line":92,"column":6},"end":{"line":92,"column":null}},{"start":{},"end":{}}],"line":92},"22":{"loc":{"start":{"line":93,"column":6},"end":{"line":93,"column":null}},"type":"if","locations":[{"start":{"line":93,"column":6},"end":{"line":93,"column":null}},{"start":{},"end":{}}],"line":93},"23":{"loc":{"start":{"line":93,"column":10},"end":{"line":93,"column":60}},"type":"binary-expr","locations":[{"start":{"line":93,"column":10},"end":{"line":93,"column":37}},{"start":{"line":93,"column":37},"end":{"line":93,"column":60}}],"line":93},"24":{"loc":{"start":{"line":99,"column":4},"end":{"line":99,"column":null}},"type":"if","locations":[{"start":{"line":99,"column":4},"end":{"line":99,"column":null}},{"start":{},"end":{}}],"line":99},"25":{"loc":{"start":{"line":126,"column":18},"end":{"line":126,"column":null}},"type":"cond-expr","locations":[{"start":{"line":126,"column":23},"end":{"line":126,"column":55}},{"start":{"line":126,"column":55},"end":{"line":126,"column":null}}],"line":126},"26":{"loc":{"start":{"line":127,"column":22},"end":{"line":127,"column":null}},"type":"cond-expr","locations":[{"start":{"line":127,"column":27},"end":{"line":127,"column":53}},{"start":{"line":127,"column":53},"end":{"line":127,"column":null}}],"line":127},"27":{"loc":{"start":{"line":129,"column":19},"end":{"line":129,"column":null}},"type":"cond-expr","locations":[{"start":{"line":129,"column":24},"end":{"line":129,"column":28}},{"start":{"line":129,"column":28},"end":{"line":129,"column":null}}],"line":129},"28":{"loc":{"start":{"line":133,"column":9},"end":{"line":153,"column":null}},"type":"cond-expr","locations":[{"start":{"line":134,"column":10},"end":{"line":151,"column":null}},{"start":{"line":153,"column":10},"end":{"line":153,"column":null}}],"line":133},"29":{"loc":{"start":{"line":165,"column":20},"end":{"line":165,"column":null}},"type":"binary-expr","locations":[{"start":{"line":165,"column":20},"end":{"line":165,"column":30}},{"start":{"line":165,"column":30},"end":{"line":165,"column":null}}],"line":165},"30":{"loc":{"start":{"line":167,"column":54},"end":{"line":167,"column":83}},"type":"cond-expr","locations":[{"start":{"line":167,"column":75},"end":{"line":167,"column":81}},{"start":{"line":167,"column":81},"end":{"line":167,"column":83}}],"line":167},"31":{"loc":{"start":{"line":167,"column":54},"end":{"line":167,"column":75}},"type":"binary-expr","locations":[{"start":{"line":167,"column":54},"end":{"line":167,"column":64}},{"start":{"line":167,"column":64},"end":{"line":167,"column":75}}],"line":167},"32":{"loc":{"start":{"line":169,"column":11},"end":{"line":169,"column":null}},"type":"cond-expr","locations":[{"start":{"line":169,"column":20},"end":{"line":169,"column":34}},{"start":{"line":169,"column":34},"end":{"line":169,"column":null}}],"line":169},"33":{"loc":{"start":{"line":171,"column":9},"end":{"line":172,"column":null}},"type":"binary-expr","locations":[{"start":{"line":171,"column":9},"end":{"line":171,"column":null}},{"start":{"line":172,"column":10},"end":{"line":172,"column":null}}],"line":171},"34":{"loc":{"start":{"line":174,"column":9},"end":{"line":174,"column":null}},"type":"binary-expr","locations":[{"start":{"line":174,"column":9},"end":{"line":174,"column":18}},{"start":{"line":174,"column":18},"end":{"line":174,"column":null}}],"line":174},"35":{"loc":{"start":{"line":195,"column":13},"end":{"line":195,"column":null}},"type":"cond-expr","locations":[{"start":{"line":195,"column":23},"end":{"line":195,"column":31}},{"start":{"line":195,"column":31},"end":{"line":195,"column":null}}],"line":195}},"s":{"0":0,"1":0,"2":0,"3":0,"4":0,"5":0,"6":0,"7":0,"8":0,"9":0,"10":0,"11":0,"12":0,"13":0,"14":0,"15":0,"16":0,"17":0,"18":0,"19":0,"20":0,"21":0,"22":0,"23":0,"24":0,"25":0,"26":0,"27":0,"28":0,"29":0,"30":0,"31":0,"32":0,"33":0,"34":0,"35":0,"36":0,"37":0,"38":0,"39":0,"40":0,"41":0,"42":0,"43":0,"44":0,"45":0,"46":0,"47":0,"48":0,"49":0,"50":0,"51":0,"52":0,"53":0,"54":0,"55":0,"56":0,"57":0,"58":0,"59":0,"60":0,"61":0,"62":0,"63":0,"64":0,"65":0,"66":0,"67":0,"68":0,"69":0,"70":0,"71":0,"72":0,"73":0,"74":0,"75":0,"76":0,"77":0,"78":0,"79":0,"80":0,"81":0,"82":0,"83":0,"84":0,"85":0,"86":0,"87":0,"88":0,"89":0,"90":0,"91":0,"92":0,"93":0,"94":0,"95":0,"96":0,"97":0,"98":0,"99":0,"100":0},"f":{"0":0,"1":0,"2":0,"3":0,"4":0,"5":0,"6":0,"7":0,"8":0,"9":0,"10":0,"11":0,"12":0,"13":0,"14":0,"15":0,"16":0,"17":0,"18":0,"19":0,"20":0,"21":0,"22":0,"23":0,"24":0,"25":0,"26":0,"27":0,"28":0,"29":0},"b":{"0":[0,0],"1":[0,0],"2":[0,0],"3":[0,0],"4":[0,0],"5":[0,0],"6":[0,0],"7":[0,0],"8":[0,0],"9":[0,0],"10":[0,0],"11":[0,0],"12":[0,0],"13":[0,0],"14":[0,0],"15":[0,0],"16":[0,0],"17":[0,0],"18":[0,0],"19":[0,0],"20":[0,0],"21":[0,0],"22":[0,0],"23":[0,0],"24":[0,0],"25":[0,0],"26":[0,0],"27":[0,0],"28":[0,0],"29":[0,0],"30":[0,0],"31":[0,0],"32":[0,0],"33":[0,0],"34":[0,0],"35":[0,0]},"meta":{"lastBranch":36,"lastFunction":30,"lastStatement":101,"seen":{"s:3:17:3:Infinity":0,"f:11:9:11:19":0,"s:13:12:13:Infinity":1,"b:14:2:14:Infinity:undefined:undefined:undefined:undefined":0,"s:14:2:14:Infinity":2,"s:14:10:14:Infinity":3,"s:15:13:15:Infinity":4,"b:15:13:15:32:15:32:15:Infinity":1,"s:16:13:16:Infinity":5,"b:16:13:16:32:16:32:16:Infinity":2,"s:17:15:17:Infinity":6,"b:18:2:20:Infinity:undefined:undefined:undefined:undefined":3,"s:18:2:20:Infinity":7,"s:19:4:19:Infinity":8,"b:19:34:19:51:19:51:19:Infinity":4,"s:21:15:21:Infinity":9,"f:21:37:21:38":1,"s:21:44:21:59":10,"b:22:2:22:Infinity:undefined:undefined:undefined:undefined":5,"s:22:2:22:Infinity":11,"s:22:16:22:Infinity":12,"b:23:2:23:Infinity:undefined:undefined:undefined:undefined":6,"s:23:2:23:Infinity":13,"s:23:16:23:Infinity":14,"b:24:2:24:Infinity:undefined:undefined:undefined:undefined":7,"s:24:2:24:Infinity":15,"b:24:6:24:12:24:12:24:20":8,"s:24:20:24:Infinity":16,"b:25:2:25:Infinity:undefined:undefined:undefined:undefined":9,"s:25:2:25:Infinity":17,"b:25:6:25:12:25:12:25:22":10,"s:25:22:25:Infinity":18,"s:26:2:26:Infinity":19,"f:29:9:29:21":2,"b:30:2:30:Infinity:undefined:undefined:undefined:undefined":11,"s:30:2:30:Infinity":20,"s:30:13:30:Infinity":21,"s:31:17:31:Infinity":22,"s:32:17:32:Infinity":23,"b:32:27:32:33:32:33:32:Infinity":12,"s:33:15:33:Infinity":24,"b:33:25:33:30:33:30:33:Infinity":13,"b:33:39:33:48:33:48:33:Infinity":14,"s:34:2:34:Infinity":25,"f:37:9:37:19":3,"s:38:2:38:Infinity":26,"f:41:16:41:31":4,"s:42:24:46:Infinity":27,"f:42:62:42:68":5,"s:43:41:43:Infinity":28,"s:44:4:44:Infinity":29,"s:44:29:44:Infinity":30,"s:45:4:45:Infinity":31,"s:47:26:47:Infinity":32,"s:48:24:48:Infinity":33,"s:50:2:60:Infinity":34,"f:50:12:50:18":6,"s:51:4:59:Infinity":35,"f:51:13:51:14":7,"s:52:19:52:Infinity":36,"s:53:6:57:Infinity":37,"s:53:19:53:22":38,"b:54:8:56:Infinity:undefined:undefined:undefined:undefined":15,"s:54:8:56:Infinity":39,"b:55:10:55:Infinity:undefined:undefined:undefined:undefined":16,"s:55:10:55:Infinity":40,"s:55:21:55:Infinity":41,"s:58:6:58:Infinity":42,"s:62:20:70:Infinity":43,"f:62:20:62:21":8,"s:63:4:68:Infinity":44,"f:63:13:63:14":9,"s:64:19:64:Infinity":45,"b:65:6:66:Infinity:66:11:66:Infinity":17,"s:65:6:66:Infinity":46,"s:65:21:65:Infinity":47,"s:66:11:66:Infinity":48,"s:67:6:67:Infinity":49,"s:69:4:69:Infinity":50,"s:72:21:79:Infinity":51,"f:72:21:72:22":10,"s:73:4:77:Infinity":52,"f:73:13:73:14":11,"s:74:16:74:Infinity":53,"b:75:6:75:Infinity:undefined:undefined:undefined:undefined":18,"s:75:6:75:Infinity":54,"s:75:14:75:Infinity":55,"s:76:6:76:Infinity":56,"s:78:4:78:Infinity":57,"s:81:19:88:Infinity":58,"f:81:19:81:20":12,"s:82:4:87:Infinity":59,"f:82:13:82:14":13,"s:83:16:83:Infinity":60,"b:84:6:84:Infinity:undefined:undefined:undefined:undefined":19,"s:84:6:84:Infinity":61,"s:84:14:84:Infinity":62,"s:85:21:85:Infinity":63,"s:86:6:86:Infinity":64,"b:86:48:86:58:86:58:86:67":20,"s:90:8:96:Infinity":65,"f:90:19:90:25":14,"s:91:4:94:Infinity":66,"b:92:6:92:Infinity:undefined:undefined:undefined:undefined":21,"s:92:6:92:Infinity":67,"s:92:14:92:Infinity":68,"b:93:6:93:Infinity:undefined:undefined:undefined:undefined":22,"s:93:6:93:Infinity":69,"b:93:10:93:37:93:37:93:60":23,"s:93:60:93:Infinity":70,"s:95:4:95:Infinity":71,"s:98:15:110:Infinity":72,"f:98:15:98:27":15,"b:99:4:99:Infinity:undefined:undefined:undefined:undefined":24,"s:99:4:99:Infinity":73,"s:99:18:99:Infinity":74,"s:100:4:100:Infinity":75,"s:101:20:101:Infinity":76,"f:101:48:101:49":16,"s:101:55:101:56":77,"s:102:4:106:Infinity":78,"s:107:4:107:Infinity":79,"s:108:4:108:Infinity":80,"s:109:4:109:Infinity":81,"f:109:15:109:21":17,"s:109:21:109:38":82,"s:112:14:157:Infinity":83,"f:112:14:112:15":18,"s:113:17:113:Infinity":84,"s:114:15:114:Infinity":85,"s:115:4:155:Infinity":86,"f:118:17:118:23":19,"s:118:23:118:Infinity":87,"b:126:23:126:55:126:55:126:Infinity":25,"b:127:27:127:53:127:53:127:Infinity":26,"b:129:24:129:28:129:28:129:Infinity":27,"b:134:10:151:Infinity:153:10:153:Infinity":28,"f:136:21:136:22":20,"s:136:28:136:Infinity":88,"f:141:24:141:25":21,"s:141:31:141:Infinity":89,"f:142:22:142:28":22,"s:142:28:142:Infinity":90,"f:148:24:148:25":23,"s:148:31:148:Infinity":91,"f:149:22:149:28":24,"s:149:28:149:Infinity":92,"s:159:2:176:Infinity":93,"f:161:20:161:21":25,"s:161:34:161:47":94,"b:165:20:165:30:165:30:165:Infinity":29,"b:167:75:167:81:167:81:167:83":30,"b:167:54:167:64:167:64:167:75":31,"b:169:20:169:34:169:34:169:Infinity":32,"b:171:9:171:Infinity:172:10:172:Infinity":33,"b:174:9:174:18:174:18:174:Infinity":34,"f:180:9:180:19":26,"s:191:28:191:Infinity":95,"s:192:2:215:Infinity":96,"b:195:23:195:31:195:31:195:Infinity":35,"f:197:16:197:17":27,"s:197:23:197:Infinity":97,"f:198:15:198:21":28,"s:198:21:198:Infinity":98,"f:199:14:199:20":29,"s:200:8:200:Infinity":99,"s:201:8:201:Infinity":100}}}
,"/Users/michaeloneal/open-calendar/src/host-dashboard/timezone-picker.tsx": {"path":"/Users/michaeloneal/open-calendar/src/host-dashboard/timezone-picker.tsx","statementMap":{"0":{"start":{"line":6,"column":2},"end":{"line":11,"column":null}},"1":{"start":{"line":7,"column":4},"end":{"line":8,"column":null}},"2":{"start":{"line":8,"column":30},"end":{"line":8,"column":80}},"3":{"start":{"line":10,"column":4},"end":{"line":10,"column":null}},"4":{"start":{"line":15,"column":30},"end":{"line":15,"column":null}},"5":{"start":{"line":16,"column":8},"end":{"line":16,"column":null}},"6":{"start":{"line":17,"column":24},"end":{"line":17,"column":null}},"7":{"start":{"line":19,"column":2},"end":{"line":21,"column":null}},"8":{"start":{"line":20,"column":4},"end":{"line":20,"column":null}},"9":{"start":{"line":24,"column":2},"end":{"line":38,"column":null}},"10":{"start":{"line":25,"column":4},"end":{"line":25,"column":null}},"11":{"start":{"line":25,"column":25},"end":{"line":25,"column":null}},"12":{"start":{"line":26,"column":4},"end":{"line":26,"column":null}},"13":{"start":{"line":27,"column":20},"end":{"line":27,"column":null}},"14":{"start":{"line":28,"column":21},"end":{"line":28,"column":null}},"15":{"start":{"line":29,"column":4},"end":{"line":37,"column":null}},"16":{"start":{"line":30,"column":6},"end":{"line":30,"column":null}},"17":{"start":{"line":31,"column":6},"end":{"line":36,"column":null}},"18":{"start":{"line":31,"column":20},"end":{"line":31,"column":null}},"19":{"start":{"line":32,"column":11},"end":{"line":36,"column":null}},"20":{"start":{"line":40,"column":23},"end":{"line":48,"column":null}},"21":{"start":{"line":41,"column":4},"end":{"line":41,"column":null}},"22":{"start":{"line":42,"column":4},"end":{"line":47,"column":null}},"23":{"start":{"line":42,"column":18},"end":{"line":42,"column":null}},"24":{"start":{"line":43,"column":9},"end":{"line":47,"column":null}},"25":{"start":{"line":50,"column":14},"end":{"line":50,"column":null}},"26":{"start":{"line":52,"column":2},"end":{"line":60,"column":null}},"27":{"start":{"line":58,"column":23},"end":{"line":58,"column":null}},"28":{"start":{"line":59,"column":27},"end":{"line":59,"column":null}}},"fnMap":{"0":{"name":"getTimezones","decl":{"start":{"line":5,"column":9},"end":{"line":5,"column":34}},"loc":{"start":{"line":5,"column":34},"end":{"line":12,"column":null}},"line":5},"1":{"name":"(anonymous_1)","decl":{"start":{"line":8,"column":14},"end":{"line":8,"column":15}},"loc":{"start":{"line":8,"column":30},"end":{"line":8,"column":80}},"line":8},"2":{"name":"TimezonePicker","decl":{"start":{"line":14,"column":16},"end":{"line":14,"column":31}},"loc":{"start":{"line":14,"column":104},"end":{"line":62,"column":null}},"line":14},"3":{"name":"(anonymous_3)","decl":{"start":{"line":19,"column":12},"end":{"line":19,"column":18}},"loc":{"start":{"line":19,"column":18},"end":{"line":21,"column":5}},"line":19},"4":{"name":"(anonymous_4)","decl":{"start":{"line":24,"column":12},"end":{"line":24,"column":18}},"loc":{"start":{"line":24,"column":18},"end":{"line":38,"column":5}},"line":24},"5":{"name":"(anonymous_5)","decl":{"start":{"line":40,"column":23},"end":{"line":40,"column":24}},"loc":{"start":{"line":40,"column":39},"end":{"line":48,"column":null}},"line":40},"6":{"name":"(anonymous_6)","decl":{"start":{"line":58,"column":15},"end":{"line":58,"column":16}},"loc":{"start":{"line":58,"column":23},"end":{"line":58,"column":null}},"line":58},"7":{"name":"(anonymous_7)","decl":{"start":{"line":59,"column":19},"end":{"line":59,"column":20}},"loc":{"start":{"line":59,"column":27},"end":{"line":59,"column":null}},"line":59}},"branchMap":{"0":{"loc":{"start":{"line":7,"column":13},"end":{"line":7,"column":null}},"type":"binary-expr","locations":[{"start":{"line":7,"column":13},"end":{"line":7,"column":61}},{"start":{"line":7,"column":61},"end":{"line":7,"column":null}}],"line":7},"1":{"loc":{"start":{"line":8,"column":30},"end":{"line":8,"column":80}},"type":"binary-expr","locations":[{"start":{"line":8,"column":30},"end":{"line":8,"column":55}},{"start":{"line":8,"column":55},"end":{"line":8,"column":80}}],"line":8},"2":{"loc":{"start":{"line":25,"column":4},"end":{"line":25,"column":null}},"type":"if","locations":[{"start":{"line":25,"column":4},"end":{"line":25,"column":null}},{"start":{},"end":{}}],"line":25},"3":{"loc":{"start":{"line":29,"column":4},"end":{"line":37,"column":null}},"type":"if","locations":[{"start":{"line":29,"column":4},"end":{"line":37,"column":null}},{"start":{},"end":{}}],"line":29},"4":{"loc":{"start":{"line":29,"column":8},"end":{"line":29,"column":72}},"type":"binary-expr","locations":[{"start":{"line":29,"column":8},"end":{"line":29,"column":19}},{"start":{"line":29,"column":19},"end":{"line":29,"column":43}},{"start":{"line":29,"column":43},"end":{"line":29,"column":72}}],"line":29},"5":{"loc":{"start":{"line":31,"column":6},"end":{"line":36,"column":null}},"type":"if","locations":[{"start":{"line":31,"column":6},"end":{"line":36,"column":null}},{"start":{"line":32,"column":11},"end":{"line":36,"column":null}}],"line":31},"6":{"loc":{"start":{"line":42,"column":4},"end":{"line":47,"column":null}},"type":"if","locations":[{"start":{"line":42,"column":4},"end":{"line":47,"column":null}},{"start":{"line":43,"column":9},"end":{"line":47,"column":null}}],"line":42},"7":{"loc":{"start":{"line":50,"column":14},"end":{"line":50,"column":null}},"type":"cond-expr","locations":[{"start":{"line":50,"colum
[...]
tions":[{"start":{"line":38,"column":18},"end":{"line":38,"column":28}},{"start":{"line":38,"column":28},"end":{"line":38,"column":null}}],"line":38},"6":{"loc":{"start":{"line":41,"column":19},"end":{"line":41,"column":null}},"type":"binary-expr","locations":[{"start":{"line":41,"column":19},"end":{"line":41,"column":37}},{"start":{"line":41,"column":37},"end":{"line":41,"column":null}}],"line":41},"7":{"loc":{"start":{"line":51,"column":7},"end":{"line":51,"column":null}},"type":"binary-expr","locations":[{"start":{"line":51,"column":7},"end":{"line":51,"column":16}},{"start":{"line":51,"column":16},"end":{"line":51,"column":null}}],"line":51},"8":{"loc":{"start":{"line":56,"column":67},"end":{"line":56,"column":85}},"type":"cond-expr","locations":[{"start":{"line":56,"column":77},"end":{"line":56,"column":83}},{"start":{"line":56,"column":83},"end":{"line":56,"column":85}}],"line":56},"9":{"loc":{"start":{"line":58,"column":9},"end":{"line":58,"column":null}},"type":"cond-expr","locations":[{"start":{"line":58,"column":19},"end":{"line":58,"column":32}},{"start":{"line":58,"column":32},"end":{"line":58,"column":null}}],"line":58}},"s":{"0":0,"1":0,"2":0,"3":0,"4":0,"5":0,"6":0,"7":0,"8":0,"9":0,"10":0,"11":0,"12":0,"13":0,"14":0,"15":0,"16":0,"17":0},"f":{"0":0,"1":0,"2":0,"3":0},"b":{"0":[0,0],"1":[0,0],"2":[0,0],"3":[0,0],"4":[0,0],"5":[0,0],"6":[0,0],"7":[0,0],"8":[0,0],"9":[0,0]},"meta":{"lastBranch":10,"lastFunction":4,"lastStatement":18,"seen":{"f:10:16:10:21":0,"s:11:26:11:Infinity":0,"s:12:28:12:Infinity":1,"s:13:24:13:Infinity":2,"s:15:23:30:Infinity":3,"f:15:23:15:30":1,"s:16:4:16:Infinity":4,"s:17:4:17:Infinity":5,"s:18:4:18:Infinity":6,"s:19:4:28:Infinity":7,"s:20:21:20:Infinity":8,"b:21:6:25:Infinity:23:6:25:Infinity":0,"s:21:6:25:Infinity":9,"b:21:10:21:23:21:23:21:34":1,"s:22:8:22:Infinity":10,"b:23:6:25:Infinity:undefined:undefined:undefined:undefined":2,"s:23:6:25:Infinity":11,"s:24:8:24:Infinity":12,"b:24:17:24:33:24:33:24:55":3,"s:27:6:27:Infinity":13,"s:29:4:29:Infinity":14,"s:32:2:60:Infinity":15,"f:34:18:34:19":2,"s:35:8:49:Infinity":16,"b:36:11:36:22:36:22:36:Infinity":4,"b:38:18:38:28:38:28:38:Infinity":5,"b:41:19:41:37:41:37:41:Infinity":6,"f:42:22:42:23":3,"s:42:29:42:Infinity":17,"b:51:7:51:16:51:16:51:Infinity":7,"b:56:77:56:83:56:83:56:85":8,"b:58:19:58:32:58:32:58:Infinity":9}}}
,"/Users/michaeloneal/open-calendar/src/ui/fuzzy-search.tsx": {"path":"/Users/michaeloneal/open-calendar/src/ui/fuzzy-search.tsx","statementMap":{"0":{"start":{"line":5,"column":12},"end":{"line":5,"column":null}},"1":{"start":{"line":6,"column":12},"end":{"line":6,"column":null}},"2":{"start":{"line":7,"column":11},"end":{"line":7,"column":null}},"3":{"start":{"line":8,"column":2},"end":{"line":10,"column":null}},"4":{"start":{"line":8,"column":16},"end":{"line":8,"column":19}},"5":{"start":{"line":9,"column":4},"end":{"line":9,"column":null}},"6":{"start":{"line":9,"column":25},"end":{"line":9,"column":null}},"7":{"start":{"line":11,"column":2},"end":{"line":11,"column":null}},"8":{"start":{"line":25,"column":24},"end":{"line":25,"column":null}},"9":{"start":{"line":26,"column":22},"end":{"line":26,"column":null}},"10":{"start":{"line":27,"column":38},"end":{"line":27,"column":null}},"11":{"start":{"line":28,"column":40},"end":{"line":28,"column":null}},"12":{"start":{"line":29,"column":8},"end":{"line":29,"column":null}},"13":{"start":{"line":30,"column":8},"end":{"line":30,"column":null}},"14":{"start":{"line":33,"column":23},"end":{"line":33,"column":null}},"15":{"start":{"line":35,"column":8},"end":{"line":38,"column":null}},"16":{"start":{"line":36,"column":11},"end":{"line":36,"column":null}},"17":{"start":{"line":36,"column":39},"end":{"line":36,"column":59}},"18":{"start":{"line":40,"column":8},"end":{"line":49,"column":null}},"19":{"start":{"line":41,"column":4},"end":{"line":41,"column":null}},"20":{"start":{"line":41,"column":18},"end":{"line":41,"column":null}},"21":{"start":{"line":42,"column":40},"end":{"line":42,"column":null}},"22":{"start":{"line":43,"column":4},"end":{"line":47,"column":null}},"23":{"start":{"line":44,"column":18},"end":{"line":44,"column":null}},"24":{"start":{"line":45,"column":6},"end":{"line":45,"column":null}},"25":{"start":{"line":45,"column":19},"end":{"line":45,"column":null}},"26":{"start":{"line":46,"column":6},"end":{"line":46,"column":null}},"27":{"start":{"line":48,"column":4},"end":{"line":48,"column":null}},"28":{"start":{"line":51,"column":17},"end":{"line":56,"column":null}},"29":{"start":{"line":52,"column":4},"end":{"line":52,"column":null}},"30":{"start":{"line":53,"column":4},"end":{"line":53,"column":null}},"31":{"start":{"line":53,"column":18},"end":{"line":53,"column":null}},"32":{"start":{"line":54,"column":4},"end":{"line":54,"column":null}},"33":{"start":{"line":55,"column":4},"end":{"line":55,"column":null}},"34":{"start":{"line":58,"column":20},"end":{"line":64,"column":null}},"35":{"start":{"line":59,"column":4},"end":{"line":59,"column":null}},"36":{"start":{"line":59,"column":15},"end":{"line":59,"column":null}},"37":{"start":{"line":60,"column":4},"end":{"line":63,"column":null}},"38":{"start":{"line":60,"column":33},"end":{"line":60,"column":53}},"39":{"start":{"line":60,"column":53},"end":{"line":60,"column":115}},"40":{"start":{"line":60,"column":76},"end":{"line":60,"column":112}},"41":{"start":{"line":60,"column":115},"end":{"line":63,"column":null}},"42":{"start":{"line":61,"column":36},"end":{"line":61,"column":56}},"43":{"start":{"line":61,"column":56},"end":{"line":61,"column":100}},"44":{"start":{"line":61,"column":79},"end":{"line":61,"column":97}},"45":{"start":{"line":61,"column":100},"end":{"line":63,"column":null}},"46":{"start":{"line":62,"column":60},"end":{"line":62,"column":80}},"47":{"start":{"line":62,"column":80},"end":{"line":62,"column":112}},"48":{"start":{"line":62,"column":112},"end":{"line":63,"column":null}},"49":{"start":{"line":63,"column":35},"end":{"line":63,"column":51}},"50":{"start":{"line":66,"column":2},"end":{"line":71,"column":null}},"51":{"start":{"line":67,"column":4},"end":{"line":70,"column":null}},"52":{"start":{"line":68,"column":19},"end":{"line":68,"column":null}},"53":{"start":{"line":69,"column":6},"end":{"line":69,"column":null}},"54":{"start":{"line":73,"column":14},"end":{"line":73,"column":null}},"55":{"start":{"line":73,"column":45},"end":{"line":73,"column":null}},"56":{"start":{"line":75,"column":2},"end":{"line":126,"column":null}},"57":{"start":{"line":82,"column":25},"end":{"line":82,"column":40}},"58":{"start":{"line":82,"column":40},"end":{"line":82,"column":54}},"59":{"start":{"line":83,"column":27},"end":{"line":83,"column":53}},"60":{"start":{"line":83,"column":53},"end":{"line":83,"column":73}},"61":{"start":{"line":83,"column":73},"end":{"line":83,"column":99}},"62":{"start":{"line":83,"column":84},"end":{"line":83,"column":99}},"63":{"start":{"line":94,"column":12},"end":{"line":117,"column":null}},"64":{"start":{"line":101,"column":34},"end":{"line":101,"column":null}},"65":{"start":{"line":102,"column":16},"end":{"line":114,"column":null}},"66":{"start":{"line":105,"column":42},"end":{"line":105,"column":62}},"67":{"start":{"line":105,"column":62},"end":{"line":105,"column":76}},"68":{"start":{"line":106,"column":40},"end":{"line":106,"column":null}}},"fnMap":{"0":{"name":"fuzzyMatch","decl":{"start":{"line":4,"column":9},"end":{"line":4,"column":20}},"loc":{"start":{"line":4,"column":60},"end":{"line":12,"column":null}},"line":4},"1":{"name":"FuzzySearch","decl":{"start":{"line":24,"column":16},"end":{"line":24,"column":28}},"loc":{"start":{"line":24,"column":115},"end":{"line":128,"column":null}},"line":24},"2":{"name":"(anonymous_2)","decl":{"start":{"line":36,"column":4},"end":{"line":36,"column":11}},"loc":{"start":{"line":36,"column":11},"end":{"line":36,"column":null}},"line":36},"3":{"name":"(anonymous_3)","decl":{"start":{"line":36,"column":32},"end":{"line":36,"column":33}},"loc":{"start":{"line":36,"column":39},"end":{"line":36,"column":59}},"line":36},"4":{"name":"(anonymous_4)","decl":{"start":{"line":40,"column":26},"end":{"line":40,"column":32}},"loc":{"start":{"line":40,"column":32},"end":{"line":49,"column":5}},"line":40},"5":{"name":"(anonymous_5)","decl":{"start":{"line":51,"column":17},"end":{"line":51,"column":18}},"loc":{"start":{"line":51,"column":35},"end":{"line":56,"column":null}},"line":51},"6":{"name":"(anonymous_6)","decl":{"start":{"line":58,"column":20},"end":{"line":58,"column":21}},"loc":{"start":{"line":58,"column":48},"end":{"line":64,"column":null}},"line":58},"7":{"name":"(anonymous_7)","decl":{"start":{"line":60,"column":69},"end":{"line":60,"column":70}},"loc":{"start":{"line":60,"column":76},"end":{"line":60,"column":112}},"line":60},"8":{"name":"(anonymous_8)","decl":{"start":{"line":61,"column":72},"end":{"line":61,"column":73}},"loc":{"start":{"line":61,"column":79},"end":{"line":61,"column":97}},"line":61},"9":{"name":"(anonymous_9)","decl":{"start":{"line":66,"column":12},"end":{"line":66,"column":18}},"loc":{"start":{"line":66,"column":18},"end":{"line":71,"column":5}},"line":66},"10":{"name":"(anonymous_10)","decl":{"start":{"line":73,"column":30},"end":{"line":73,"column":31}},"loc":{"start":{"line":73,"column":45},"end":{"line":73,"column":null}},"line":73},"11":{"name":"(anonymous_11)","decl":{"start":{"line":82,"column":17},"end":{"line":82,"column":23}},"loc":{"start":{"line":82,"column":23},"end":{"line":82,"column":null}},"line":82},"12":{"name":"(anonymous_12)","decl":{"start":{"line":83,"column":18},"end":{"line":83,"column":19}},"loc":{"start":{"line":83,"column":25},"end":{"line":83,"column":null}},"line":83},"13":{"name":"(anonymous_13)","decl":{"start":{"line":93,"column":39},"end":{"line":93,"column":40}},"loc":{"start":{"line":94,"column":12},"end":{"line":117,"column":null}},"line":94},"14":{"name":"(anonymous_14)","decl":{"start":{"line":100,"column":31},"end":{"line":100,"column":32}},"loc":{"start":{"line":100,"column":41},"end":{"line":116,"column":15}},"line":100},"15":{"name":"(anonymous_15)","decl":{"start":{"line":105,"column":33},"end":{"line":105,"column":34}},"loc":{"start":{"line":105,"column":40},"end":{"line":105,"column":null}},"line":105},"16":{"name":"(anonymous_16)","decl":{"start":{"line":106,"column":34},"end":{"line":106,"column":40}},"loc":{"start":{"line":106,"column":40},"end":{"line":106,"column":null}},"line":106}},"branchMap":{"0":{"loc":{"start":{"line":8,"column":19},"end":{"line":8,"column":51}},"type":"binary-expr","locations":[{"start":{"line":8,"column":19},"end":{"line":8,"column":36}},{"start":{"line":8,"column":36},"end":{"line":8,"column":51}}],"line":8},"1":{"loc":{"start":{"line":9,"column":4},"end":{"line":9,"column":null}},"type":"if","locations":[{"start":{"line":9,"column":4},"end":{"line":9,"column":null}},{"start":{},"end":{}}],"line":9},"2":{"loc":{"start":{"line":24,"column":37},"end":{"line":24,"column":49}},"type":"default-arg","locations":[{"start":{"line":24,"column":45},"end":{"line":24,"column":49}}],"line":24},"3":{"loc":{"start":{"line":24,"column":59},"end":{"line":24,"column":84}},"type":"default-arg","locations":[{"start":{"line":24,"column":73},"end":{"line":24,"column":84}}],"line":24},"4":{"loc":{"start":{"line":33,"column":23},"end":{"line":33,"column":null}},"type":"binary-expr","locations":[{"start":{"line":33,"column":23},"end":{"line":33,"column":40}},{"start":{"line":33,"column":40},"end":{"line":33,"column":null}}],"line":33},"5":{"loc":{"start":{"line":36,"column":11},"end":{"line":36,"column":null}},"type":"cond-expr","locations":[{"start":{"line":36,"column":19},"end":{"line":36,"column":63}},{"start":{"line":36,"column":63},"end":{"line":36,"column":null}}],"line":36},"6":{"loc":{"start":{"line":41,"column":4},"end":{"line":41,"column":null}},"type":"if","locations":[{"start":{"line":41,"column":4},"end":{"line":41,"column":null}},{"start":{},"end":{}}],"line":41},"7":{"loc":{"start":{"line":45,"column":6},"end":{"line":45,"column":null}},"type":"if","locations":[{"start":{"line":45,"column":6},"end":{"line":45,"column":null}},{"start":{},"end":{}}],"line":45},"8":{"loc":{"start":{"line":53,"column":4},"end":{"line":53,"column":null}},"type":"if","locations":[{"start":{"line":53,"column":4},"end":{"line":53,"column":null}},{"start":{},"end":{}}],"line":53},"9":{"loc":{"start":{"line":59,"column":4},"end":{"line":59,"column":null}},"type":"if","locations":[{"start":{"line":59,"column":4},"end":{"line":59,"column":null}},{"start":{},"end":{}}],"line":59},"10":{"loc":{"start":{"line":60,"column":4},"end":{"line":63,"column":null}},"type":"if","locations":[{"start":{"line":60,"column":4},"end":{"line":63,"column":null}},{"start":{"line":60,"column":115},"end":{"line":63,"column":null}}],"line":60},"11":{"loc":{"start":{"line":60,"column":115},"end":{"line":63,"column":null}},"type":"if","locations":[{"start":{"line":60,"column":115},"end":{"line":63,"column":null}},{"start":{"line":61,"column":100},"end":{"line":63,"column":null}}],"line":60},"12":{"loc":{"start":{"line":61,"column":100},"end":{"line":63,"column":null}},"type":"if","locations":[{"start":{"line":61,"column":100},"end":{"line":63,"column":null}},{"start":{"line":62,"column":112},"end":{"line":63,"column":null}}],"line":61},"13":{"loc":{"start":{"line":62,"column":13},"end":{"line":62,"column":58}},"type":"binary-expr","locations":[{"start":{"line":62,"column":13},"end":{"line":62,"column":34}},{"start":{"line":62,"column":34},"end":{"line":62,"column":58}}],"line":62},"14":{"loc":{"start":{"line":62,"column":112},"end":{"line":63,"column":null}},"type":"if","locations":[{"start":{"line":62,"column":112},"end":{"line":63,"column":null}},{"start":{},"end":{}}],"line":62},"15":{"loc":{"start":{"line":67,"column":4},"end":{"line":70,"column":null}},"type":"if","locations":[{"start":{"line":67,"column":4},"end":{"line":70,"column":null}},{"start":{},"end":{}}],"line":67},"16":{"loc":{"start":{"line":67,"column":8},"end":{"line":67,"column":33}},"type":"binary-expr","locations":[{"start":{"line":67,"column":8},"end":{"line":67,"column":16}},{"start":{"line":67,"column":16},"end":{"line":67,"column":33}}],"line":67},"17":{"loc":{"start":{"line":73,"column":14},"end":{"line":73,"column":null}},"type":"binary-expr","locations":[{"start":{"line":73,"column":14},"end":{"line":73,"column":30}},{"start":{"line":73,"column":30},"end":{"line":73,"column":null}}],"line":73},"18":{"loc":{"start":{"line":81,"column":15},"end":{"line":81,"column":null}},"type":"cond-expr","locations":[{"start":{"line":81,"column":22},"end":{"line":81,"column":30}},{"start":{"line":81,"column":30},"end":{"line":81,"column":null}}],"line":81},"19":{"loc":{"start":{"line":83,"column":73},"end":{"line":83,"column":99}},"type":"if","locations":[{"start":{"line":83,"column":73},"end":{"line":83,"column":99}},{"start":{},"end":{}}],"line":83},"20":{"loc":{"start":{"line":95,"column":15},"end":{"line":98,"column":null}},"type":"binary-expr","locations":[{"start":{"line":95,"column":15},"end":{"line":95,"column":null}},{"start":{"line":96,"column":16},"end":{"line":98,"column":null}}],"line":95},"21":{"loc":{"start":{"line":109,"column":34},"end":{"line":109,"column":null}},"type":"cond-expr","locations":[{"start":{"line":109,"column":63},"end":{"line":109,"column":89}},{"start":{"line":109,"column":89},"end":{"line":109,"column":null}}],"line":109},"22":{"loc":{"start":{"line":110,"column":29},"end":{"line":110,"column":null}},"type":"cond-expr","locations":[{"start":{"line":110,"column":58},"end":{"line":110,"column":67}},{"start":{"line":110,"column":67},"end":{"line":110,"column":null}}],"line":110},"23":{"loc":{"start":{"line":119,"column":11},"end":{"line":122,"column":null}},"type":"binary-expr","locations":[{"start":{"line":119,"column":11},"end":{"line":119,"column":20}},{"start":{"line":119,"column":20},"end":{"line":119,"column":null}},{"start":{"line":120,"column":12},"end":{"line":122,"column":null}}],"line":119}},"s":{"0":76,"1":76,"2":76,"3":76,"4":76,"5":464,"6":38,"7":76,"8":15,"9":15,"10":15,"11":15,"12":15,"13":15,"14":15,"15":15,"16":11,"17":76,"18":15,"19":11,"20":11,"21":0,"22":0,"23":0,"24":0,"25":0,"26":0,"27":0,"28":15,"29":2,"30":2,"31":1,"32":2,"33":2,"34":15,"35":0,"36":0,"37":0,"38":0,"39":0,"40":0,"41":0,"42":0,"43":0,"44":0,"45":0,"46":0,"47":0,"48":0,"49":0,"50":15,"51":11,"52":4,"53":4,"54":15,"55":11,"56":15,"57":4,"58":4,"59":4,"60":4,"61":4,"62":0,"63":15,"64":4,"65":4,"66":2,"67":2,"68":0},"f":{"0":76,"1":15,"2":11,"3":76,"4":11,"5":2,"6":0,"7":0,"8":0,"9":11,"10":11,"11":4,"12":4,"13":15,"14":4,"15":2,"16":0},"b":{"0":[76,466],"1":[38,426],"2":[15],"3":[15],"4":[15,13],"5":[4,7],"6":[11,0],"7":[0,0],"8":[1,1],"9":[0,0],"10":[0,0],"11":[0,0],"12":[0,0],"13":[0,0],"14":[0,0],"15":[4,7],"16":[11,4],"17":[15,11],"18":[8,7],"19":[0,4],"20":[15,0],"21":[3,1],"22":[3,1],"23":[15,4,1]},"meta":{"lastBranch":24,"lastFunction":17,"lastStatement":69,"seen":{"f:4:9:4:20":0,"s:5:12:5:Infinity":0,"s:6:12:6:Infinity":1,"s:7:11:7:Infinity":2,"s:8:2:10:Infinity":3,"s:8:16:8:19":4,"b:8:19:8:36:8:36:8:51":0,"b:9:4:9:Infinity:undefined:undefined:undefined:undefined":1,"s:9:4:9:Infinity":5,"s:9:25:9:Infinity":6,"s:11:2:11:Infinity":7,"f:24:16:24:28":1,"b:24:45:24:49":2,"b:24:73:24:84":3,"s:25:24:25:Infinity":8,"s:26:22:26:Infinity":9,"s:27:38:27:Infinity":10,"s:28:40:28:Infinity":11,"s:29:8:29:Infinity":12,"s:30:8:30:Infinity":13,"s:33:23:33:Infinity":14,"b:33:23:33:40:33:40:33:Infinity":4,"s:35:8:38:Infinity":15,"f:36:4:36:11":2,"s:36:11:36:Infinity":16,"b:36:19:36:63:36:63:36:Infinity":5,"f:36:32:36:33":3,"s:36:39:36:59":17,"s:40:8:49:Infinity":18,"f:40:26:40:32":4,"b:41:4:41:Infinity:undefined:undefined:undefined:undefined":6,"s:41:4:41:Infinity":19,"s:41:18:41:Infinity":20,"s:42:40:42:Infinity":21,"s:43:4:47:Infinity":22,"s:44:18:44:Infinity":23,"b:45:6:45:Infinity:undefined:undefined:undefined:undefined":7,"s:45:6:45:Infinity":24,"s:45:19:45:Infinity":25,"s:46:6:46:Infinity":26,"s:48:4:48:Infinity":27,"s:51:17:56:Infinity":28,"f:51:17:51:18":5,"s:52:4:52:Infinity":29,"b:53:4:53:Infinity:undefined:undefined:undefined:undefined":8,"s:53:4:53:Infinity":30,"s:53:18:53:Infinity":31,"s:54:4:54:Infinity":32,"s:55:4:55:Infinity":33,"s:58:20:64:Infinity":34,"f:58:20:58:21":6,"b:59:4:59:Infinity:undefined:undefined:undefined:undefined":9,"s:59:4:59:Infinity":35,"s:59:15:59:Infinity":36,"b:60:4:63:Infinity:60:115:63:Infinity":10,"s:60:4:63:Infinity":37,"s:60:33:60:53":38,"s:60:53:60:115":39,"f:60:69:60:70":7,"s:60:76:60:112":40,"b:60:115:63:Infinity:61:100:63:Infinity":11,"s:60:115:63:Infinity":41,"s:61:36:61:56":42,"s:61:56:61:100":43,"f:61:72:61:73":8,"s:61:79:61:97":44,"b:61:100:63:Infinity:62:112:63:Infinity":12,"s:61:100:63:Infinity":45,"b:62:13:62:34:62:34:62:58":13,"s:62:60:62:80":46,"s:62:80:62:112":47,"b:62:112:63:Infinity:undefined:undefined:undefined:undefined":14,"s:62:112:63:Infinity":48,"s:63:35:63:51":49,"s:66:2:71:Infinity":50,"f:66:12:66:18":9,"b:67:4:70:Infinity:undefined:undefined:undefined:undefined":15,"s:67:4:70:Infinity":51,"b:67:8:67:16:67:16:67:33":16,"s:68:19:68:Infinity":52,"s:69:6:69:Infinity":53,"s:73:14:73:Infinity":54,"b:73:14:73:30:73:30:73:Infinity":17,"f:73:30:73:31":10,"s:73:45:73:Infinity":55,"s:75:2:126:Infinity":56,"b:81:22:81:30:81:30:81:Infinity":18,"f:82:17:82:23":11,"s:82:25:82:40":57,"s:82:40:82:54":58,"f:83:18:83:19":12,"s:83:27:83:53":59,"s:83:53:83:73":60,"b:83:73:83:99:undefined:undefined:undefined:undefined":19,"s:83:73:83:99":61,"s:83:84:83:99":62,"f:93:39:93:40":13,"s:94:12:117:Infinity":63,"b:95:15:95:Infinity:96:16:98:Infinity":20,"f:100:31:100:32":14,"s:101:34:101:Infinity":64,"s:102:16:114:Infinity":65,"f:105:33:105:34":15,"s:105:42:105:62":66,"s:105:62:105:76":67,"f:106:34:106:40":16,"s:106:40:106:Infinity":68,"b:109:63:109:89:109:89:109:Infinity":21,"b:110:58:110:67:110:67:110:Infinity":22,"b:119:11:119:20:119:20:119:Infinity:120:12:122:Infinity":23}}}
}
